Log file open, 12/08/23 19:58:16
LogWindows: Failed to load 'aqProf.dll' (GetLastError=126)
LogWindows: File 'aqProf.dll' does not exist
LogWindows: Failed to load 'VtuneApi.dll' (GetLastError=126)
LogWindows: File 'VtuneApi.dll' does not exist
LogWindows: Failed to load 'VtuneApi32e.dll' (GetLastError=126)
LogWindows: File 'VtuneApi32e.dll' does not exist
LogConsoleResponse: Display: Failed to find resolution value strings in scalability ini. Falling back to default.
LogConsoleResponse: Display: Failed to find resolution value strings in scalability ini. Falling back to default.
LogInit: Display: Running engine for game: Platformer_Project
LogPlatformFile: Not using cached read wrapper
LogTaskGraph: Started task graph with 5 named threads and 71 total threads with 3 sets of task threads.
LogStats: Stats thread started at 0.210827
LogICUInternationalization: ICU TimeZone Detection - Raw Offset: +0:00, Platform Override: ''
LogInit: Display: Loading text-based GConfig....
LogPluginManager: Mounting plugin MeshPainting
LogPluginManager: Mounting plugin XGEController
LogPluginManager: Mounting plugin AISupport
LogPluginManager: Mounting plugin Paper2D
LogPluginManager: Mounting plugin EnvironmentQueryEditor
LogPluginManager: Mounting plugin LightPropagationVolume
LogPluginManager: Mounting plugin CameraShakePreviewer
LogPluginManager: Mounting plugin LiveLink
LogPluginManager: Mounting plugin OodleNetwork
LogPluginManager: Mounting plugin GameplayCameras
LogPluginManager: Mounting plugin OodleData
LogPluginManager: Mounting plugin AnimationSharing
LogPluginManager: Mounting plugin CLionSourceCodeAccess
LogPluginManager: Mounting plugin NullSourceCodeAccess
LogPluginManager: Mounting plugin PlasticSourceControl
LogPluginManager: Mounting plugin KDevelopSourceCodeAccess
LogPluginManager: Mounting plugin GitSourceControl
LogPluginManager: Mounting plugin PixWinPlugin
LogPluginManager: Mounting plugin RiderSourceCodeAccess
LogPluginManager: Mounting plugin SubversionSourceControl
LogPluginManager: Mounting plugin PluginUtils
LogPluginManager: Mounting plugin PerforceSourceControl
LogPluginManager: Mounting plugin PropertyAccessNode
LogPluginManager: Mounting plugin VisualStudioCodeSourceCodeAccess
LogPluginManager: Mounting plugin TextureFormatOodle
LogPluginManager: Mounting plugin UObjectPlugin
LogPluginManager: Mounting plugin AssetManagerEditor
LogPluginManager: Mounting plugin BlueprintMaterialTextureNodes
LogPluginManager: Mounting plugin CurveEditorTools
LogPluginManager: Mounting plugin VisualStudioSourceCodeAccess
LogPluginManager: Mounting plugin FacialAnimation
LogPluginManager: Mounting plugin XCodeSourceCodeAccess
LogPluginManager: Mounting plugin GameplayTagsEditor
LogPluginManager: Mounting plugin CryptoKeys
LogPluginManager: Mounting plugin GeometryMode
LogPluginManager: Mounting plugin DataValidation
LogPluginManager: Mounting plugin MaterialAnalyzer
LogPluginManager: Mounting plugin MobileLauncherProfileWizard
LogPluginManager: Mounting plugin PluginBrowser
LogPluginManager: Mounting plugin MacGraphicsSwitching
LogPluginManager: Mounting plugin SpeedTreeImporter
LogPluginManager: Mounting plugin DatasmithContent
LogPluginManager: Mounting plugin StylusInput
LogPluginManager: Mounting plugin Niagara
LogPluginManager: Mounting plugin VariantManagerContent
LogPluginManager: Mounting plugin LuminPlatformFeatures
LogPluginManager: Mounting plugin MagicLeap
LogPluginManager: Mounting plugin MagicLeapLightEstimation
LogPluginManager: Mounting plugin MagicLeapMedia
LogPluginManager: Mounting plugin MLSDK
LogPluginManager: Mounting plugin MagicLeapPassableWorld
LogPluginManager: Mounting plugin AndroidMedia
LogPluginManager: Mounting plugin AvfMedia
LogPluginManager: Mounting plugin MediaPlayerEditor
LogPluginManager: Mounting plugin MediaCompositing
LogPluginManager: Mounting plugin ImgMedia
LogPluginManager: Mounting plugin WmfMedia
LogPluginManager: Mounting plugin AutomationUtils
LogPluginManager: Mounting plugin WebMMedia
LogPluginManager: Mounting plugin AlembicImporter
LogPluginManager: Mounting plugin BackChannel
LogPluginManager: Mounting plugin ChaosClothEditor
LogPluginManager: Mounting plugin ChaosNiagara
LogPluginManager: Mounting plugin ChaosCloth
LogPluginManager: Mounting plugin ChaosEditor
LogPluginManager: Mounting plugin CharacterAI
LogPluginManager: Mounting plugin ChaosSolverPlugin
LogPluginManager: Mounting plugin GeometryCache
LogPluginManager: Mounting plugin TcpMessaging
LogPluginManager: Mounting plugin GeometryProcessing
LogPluginManager: Mounting plugin UdpMessaging
LogPluginManager: Mounting plugin GeometryCollectionPlugin
LogPluginManager: Mounting plugin MeshModelingToolset
LogPluginManager: Mounting plugin MotoSynth
LogPluginManager: Mounting plugin Landmass
LogPluginManager: Mounting plugin ModelingToolsEditorMode
LogPluginManager: Mounting plugin ProxyLODPlugin
LogPluginManager: Mounting plugin OpenImageDenoise
LogPluginManager: Mounting plugin PlatformCrypto
LogPluginManager: Mounting plugin PlanarCut
LogPluginManager: Mounting plugin PythonScriptPlugin
LogPluginManager: Mounting plugin SkeletalReduction
LogPluginManager: Mounting plugin TemplateSequence
LogPluginManager: Mounting plugin ActorSequence
LogPluginManager: Mounting plugin LevelSequenceEditor
LogPluginManager: Mounting plugin MatineeToLevelSequence
LogPluginManager: Mounting plugin Water
LogPluginManager: Mounting plugin LauncherChunkInstaller
LogPluginManager: Mounting plugin ActorLayerUtilities
LogPluginManager: Mounting plugin AndroidDeviceProfileSelector
LogPluginManager: Mounting plugin AndroidMoviePlayer
LogPluginManager: Mounting plugin AppleImageUtils
LogPluginManager: Mounting plugin AndroidPermission
LogPluginManager: Mounting plugin AppleMoviePlayer
LogPluginManager: Mounting plugin ArchVisCharacter
LogPluginManager: Mounting plugin AssetTags
LogPluginManager: Mounting plugin AudioCapture
LogPluginManager: Mounting plugin ExampleDeviceProfileSelector
LogPluginManager: Mounting plugin AudioSynesthesia
LogPluginManager: Mounting plugin CustomMeshComponent
LogPluginManager: Mounting plugin CableComponent
LogPluginManager: Mounting plugin ChunkDownloader
LogPluginManager: Mounting plugin EditableMesh
LogPluginManager: Mounting plugin GooglePAD
LogPluginManager: Mounting plugin GoogleCloudMessaging
LogPluginManager: Mounting plugin HairStrands
LogPluginManager: Mounting plugin IOSDeviceProfileSelector
LogPluginManager: Mounting plugin LinuxDeviceProfileSelector
LogPluginManager: Mounting plugin MobilePatchingUtils
LogPluginManager: Mounting plugin LocationServicesBPLibrary
LogPluginManager: Mounting plugin OpenXR
LogPluginManager: Mounting plugin OpenXREyeTracker
LogPluginManager: Mounting plugin OpenXRHandTracking
LogPluginManager: Mounting plugin PropertyAccessEditor
LogPluginManager: Mounting plugin PhysXVehicles
LogPluginManager: Mounting plugin PostSplashScreen
LogPluginManager: Mounting plugin SoundFields
LogPluginManager: Mounting plugin ProceduralMeshComponent
LogPluginManager: Mounting plugin RuntimePhysXCooking
LogPluginManager: Mounting plugin SignificanceManager
LogPluginManager: Mounting plugin Synthesis
LogPluginManager: Mounting plugin WebMMoviePlayer
LogPluginManager: Mounting plugin WindowsMoviePlayer
LogPluginManager: Mounting plugin Takes
LogPluginManager: Mounting plugin OnlineSubsystemNull
LogPluginManager: Mounting plugin OnlineSubsystem
LogPluginManager: Mounting plugin OnlineSubsystemUtils
LogPluginManager: Mounting plugin ScreenshotTools
LogPluginManager: Mounting plugin CodeLiteSourceCodeAccess
LogPluginManager: Mounting plugin ContentBrowserAssetDataSource
LogPluginManager: Mounting plugin ContentBrowserClassDataSource
LogPluginManager: Mounting plugin ContentBrowserFileDataSource
LogPluginManager: Mounting plugin OculusVR
LogPluginManager: Mounting plugin SteamVR
LogPluginManager: Mounting plugin OnlineSubsystemGooglePlay
LogPluginManager: Mounting plugin OnlineSubsystemIOS
PixWinPlugin: PIX capture plugin failed to initialize! Check that the process is launched from PIX.
LogInit: Using libcurl 7.55.1-DEV
LogInit:  - built for x86_64-pc-win32
LogInit:  - supports SSL with OpenSSL/1.1.1
LogInit:  - supports HTTP deflate (compression) using libz 1.2.8
LogInit:  - other features:
LogInit:      CURL_VERSION_SSL
LogInit:      CURL_VERSION_LIBZ
LogInit:      CURL_VERSION_IPV6
LogInit:      CURL_VERSION_ASYNCHDNS
LogInit:      CURL_VERSION_LARGEFILE
LogInit:      CURL_VERSION_IDN
LogInit:  CurlRequestOptions (configurable via config and command line):
LogInit:  - bVerifyPeer = true  - Libcurl will verify peer certificate
LogInit:  - bUseHttpProxy = false  - Libcurl will NOT use HTTP proxy
LogInit:  - bDontReuseConnections = false  - Libcurl will reuse connections
LogInit:  - MaxHostConnections = 16  - Libcurl will limit the number of connections to a host
LogInit:  - LocalHostAddr = Default
LogInit:  - BufferSize = 65536
LogOnline: OSS: Creating online subsystem instance for: NULL
LogInit: WinSock: version 1.1 (2.2), MaxSocks=32767, MaxUdp=65467
LogOnline: OSS: TryLoadSubsystemAndSetDefault: Loaded subsystem for module [NULL]
LogOculusPluginWrapper: OculusPlugin initialized successfully
LogHMD: Failed initializing OVRPlugin 1.59.0
LogInit: Build: ++UE4+Release-4.27-CL-18319896
LogInit: Engine Version: 4.27.2-18319896+++UE4+Release-4.27
LogInit: Compatible Engine Version: 4.27.0-17155196+++UE4+Release-4.27
LogInit: Net CL: 17155196
LogInit: OS: Windows 10 (Release 2009) (), CPU: 12th Gen Intel(R) Core(TM) i9-12900, GPU: NVIDIA GeForce RTX 3070
LogInit: Compiled (64-bit): Nov 30 2021 07:12:08
LogInit: Compiled with Visual C++: 19.24.28315.00
LogInit: Build Configuration: Development
LogInit: Branch Name: ++UE4+Release-4.27
LogInit: Command Line: 
LogInit: Base Directory: C:/Program Files/Epic Games/UE_4.27/Engine/Binaries/Win64/
LogInit: Allocator: TBB
LogInit: Installed Engine Build: 1
LogDevObjectVersion: Number of dev versions registered: 29
LogDevObjectVersion:   Dev-Blueprints (B0D832E4-1F89-4F0D-ACCF-7EB736FD4AA2): 10
LogDevObjectVersion:   Dev-Build (E1C64328-A22C-4D53-A36C-8E866417BD8C): 0
LogDevObjectVersion:   Dev-Core (375EC13C-06E4-48FB-B500-84F0262A717E): 4
LogDevObjectVersion:   Dev-Editor (E4B068ED-F494-42E9-A231-DA0B2E46BB41): 40
LogDevObjectVersion:   Dev-Framework (CFFC743F-43B0-4480-9391-14DF171D2073): 37
LogDevObjectVersion:   Dev-Mobile (B02B49B5-BB20-44E9-A304-32B752E40360): 3
LogDevObjectVersion:   Dev-Networking (A4E4105C-59A1-49B5-A7C5-40C4547EDFEE): 0
LogDevObjectVersion:   Dev-Online (39C831C9-5AE6-47DC-9A44-9C173E1C8E7C): 0
LogDevObjectVersion:   Dev-Physics (78F01B33-EBEA-4F98-B9B4-84EACCB95AA2): 14
LogDevObjectVersion:   Dev-Platform (6631380F-2D4D-43E0-8009-CF276956A95A): 0
LogDevObjectVersion:   Dev-Rendering (12F88B9F-8875-4AFC-A67C-D90C383ABD29): 45
LogDevObjectVersion:   Dev-Sequencer (7B5AE74C-D270-4C10-A958-57980B212A5A): 13
LogDevObjectVersion:   Dev-VR (D7296918-1DD6-4BDD-9DE2-64A83CC13884): 3
LogDevObjectVersion:   Dev-LoadTimes (C2A15278-BFE7-4AFE-6C17-90FF531DF755): 1
LogDevObjectVersion:   Private-Geometry (6EACA3D4-40EC-4CC1-B786-8BED09428FC5): 3
LogDevObjectVersion:   Dev-AnimPhys (29E575DD-E0A3-4627-9D10-D276232CDCEA): 17
LogDevObjectVersion:   Dev-Anim (AF43A65D-7FD3-4947-9873-3E8ED9C1BB05): 15
LogDevObjectVersion:   Dev-ReflectionCapture (6B266CEC-1EC7-4B8F-A30B-E4D90942FC07): 1
LogDevObjectVersion:   Dev-Automation (0DF73D61-A23F-47EA-B727-89E90C41499A): 1
LogDevObjectVersion:   FortniteMain (601D1886-AC64-4F84-AA16-D3DE0DEAC7D6): 47
LogDevObjectVersion:   FortniteRelease (E7086368-6B23-4C58-8439-1B7016265E91): 1
LogDevObjectVersion:   Dev-Enterprise (9DFFBCD6-494F-0158-E221-12823C92A888): 10
LogDevObjectVersion:   Dev-Niagara (F2AED0AC-9AFE-416F-8664-AA7FFA26D6FC): 1
LogDevObjectVersion:   Dev-Destruction (174F1F0B-B4C6-45A5-B13F-2EE8D0FB917D): 10
LogDevObjectVersion:   Dev-Physics-Ext (35F94A83-E258-406C-A318-09F59610247C): 41
LogDevObjectVersion:   Dev-PhysicsMaterial-Chaos (B68FC16E-8B1B-42E2-B453-215C058844FE): 1
LogDevObjectVersion:   Dev-CineCamera (B2E18506-4273-CFC2-A54E-F4BB758BBA07): 1
LogDevObjectVersion:   Dev-VirtualProduction (64F58936-FD1B-42BA-BA96-7289D5D0FA4E): 1
LogDevObjectVersion:   Dev-MediaFramework (6F0ED827-A609-4895-9C91-998D90180EA4): 2
LogInit: Presizing for max 25165824 objects, including 0 objects not considered by GC, pre-allocating 0 bytes for permanent pool.
LogConfig: Applying CVar settings from Section [/Script/Engine.StreamingSettings] File [C:/Users/kd615/Documents/Platformer-Project/Platformer_Project/Saved/Config/Windows/Engine.ini]
LogConfig: Setting CVar [[s.MinBulkDataSizeForAsyncLoading:131072]]
LogConfig: Setting CVar [[s.AsyncLoadingThreadEnabled:0]]
LogConfig: Setting CVar [[s.EventDrivenLoaderEnabled:1]]
LogConfig: Setting CVar [[s.WarnIfTimeLimitExceeded:0]]
LogConfig: Setting CVar [[s.TimeLimitExceededMultiplier:1.5]]
LogConfig: Setting CVar [[s.TimeLimitExceededMinTime:0.005]]
LogConfig: Setting CVar [[s.UseBackgroundLevelStreaming:1]]
LogConfig: Setting CVar [[s.PriorityAsyncLoadingExtraTime:15.0]]
LogConfig: Setting CVar [[s.LevelStreamingActorsUpdateTimeLimit:5.0]]
LogConfig: Setting CVar [[s.PriorityLevelStreamingActorsUpdateExtraTime:5.0]]
LogConfig: Setting CVar [[s.LevelStreamingComponentsRegistrationGranularity:10]]
LogConfig: Setting CVar [[s.UnregisterComponentsTimeLimit:1.0]]
LogConfig: Setting CVar [[s.LevelStreamingComponentsUnregistrationGranularity:5]]
LogConfig: Setting CVar [[s.FlushStreamingOnExit:1]]
LogInit: Object subsystem initialized
LogConfig: Setting CVar [[con.DebugEarlyDefault:1]]
LogConfig: Setting CVar [[r.setres:1280x720]]
LogConfig: Setting CVar [[fx.NiagaraAllowRuntimeScalabilityChanges:1]]
[2023.12.08-19.58.16:793][  0]LogConfig: Setting CVar [[r.VSync:0]]
[2023.12.08-19.58.16:793][  0]LogConfig: Setting CVar [[r.RHICmdBypass:0]]
[2023.12.08-19.58.16:793][  0]LogConfig: Applying CVar settings from Section [/Script/Engine.RendererSettings] File [C:/Users/kd615/Documents/Platformer-Project/Platformer_Project/Saved/Config/Windows/Engine.ini]
[2023.12.08-19.58.16:793][  0]LogConfig: Setting CVar [[r.GPUCrashDebugging:0]]
[2023.12.08-19.58.16:793][  0]LogConfig: Applying CVar settings from Section [/Script/Engine.RendererOverrideSettings] File [C:/Users/kd615/Documents/Platformer-Project/Platformer_Project/Saved/Config/Windows/Engine.ini]
[2023.12.08-19.58.16:793][  0]LogConfig: Applying CVar settings from Section [/Script/Engine.StreamingSettings] File [C:/Users/kd615/Documents/Platformer-Project/Platformer_Project/Saved/Config/Windows/Engine.ini]
[2023.12.08-19.58.16:793][  0]LogConfig: Setting CVar [[s.MinBulkDataSizeForAsyncLoading:131072]]
[2023.12.08-19.58.16:793][  0]LogConfig: Setting CVar [[s.AsyncLoadingThreadEnabled:0]]
[2023.12.08-19.58.16:793][  0]LogConfig: Setting CVar [[s.EventDrivenLoaderEnabled:1]]
[2023.12.08-19.58.16:793][  0]LogConfig: Setting CVar [[s.WarnIfTimeLimitExceeded:0]]
[2023.12.08-19.58.16:793][  0]LogConfig: Setting CVar [[s.TimeLimitExceededMultiplier:1.5]]
[2023.12.08-19.58.16:793][  0]LogConfig: Setting CVar [[s.TimeLimitExceededMinTime:0.005]]
[2023.12.08-19.58.16:793][  0]LogConfig: Setting CVar [[s.UseBackgroundLevelStreaming:1]]
[2023.12.08-19.58.16:793][  0]LogConfig: Setting CVar [[s.PriorityAsyncLoadingExtraTime:15.0]]
[2023.12.08-19.58.16:793][  0]LogConfig: Setting CVar [[s.LevelStreamingActorsUpdateTimeLimit:5.0]]
[2023.12.08-19.58.16:793][  0]LogConfig: Setting CVar [[s.PriorityLevelStreamingActorsUpdateExtraTime:5.0]]
[2023.12.08-19.58.16:793][  0]LogConfig: Setting CVar [[s.LevelStreamingComponentsRegistrationGranularity:10]]
[2023.12.08-19.58.16:793][  0]LogConfig: Setting CVar [[s.UnregisterComponentsTimeLimit:1.0]]
[2023.12.08-19.58.16:793][  0]LogConfig: Setting CVar [[s.LevelStreamingComponentsUnregistrationGranularity:5]]
[2023.12.08-19.58.16:793][  0]LogConfig: Setting CVar [[s.FlushStreamingOnExit:1]]
[2023.12.08-19.58.16:793][  0]LogConfig: Applying CVar settings from Section [/Script/Engine.GarbageCollectionSettings] File [C:/Users/kd615/Documents/Platformer-Project/Platformer_Project/Saved/Config/Windows/Engine.ini]
[2023.12.08-19.58.16:793][  0]LogConfig: Setting CVar [[gc.MaxObjectsNotConsideredByGC:1]]
[2023.12.08-19.58.16:793][  0]LogConfig: Setting CVar [[gc.SizeOfPermanentObjectPool:0]]
[2023.12.08-19.58.16:793][  0]LogConfig: Setting CVar [[gc.FlushStreamingOnGC:0]]
[2023.12.08-19.58.16:793][  0]LogConfig: Setting CVar [[gc.NumRetriesBeforeForcingGC:10]]
[2023.12.08-19.58.16:793][  0]LogConfig: Setting CVar [[gc.AllowParallelGC:1]]
[2023.12.08-19.58.16:793][  0]LogConfig: Setting CVar [[gc.TimeBetweenPurgingPendingKillObjects:61.1]]
[2023.12.08-19.58.16:793][  0]LogConfig: Setting CVar [[gc.MaxObjectsInEditor:25165824]]
[2023.12.08-19.58.16:793][  0]LogConfig: Setting CVar [[gc.IncrementalBeginDestroyEnabled:1]]
[2023.12.08-19.58.16:793][  0]LogConfig: Setting CVar [[gc.CreateGCClusters:1]]
[2023.12.08-19.58.16:793][  0]LogConfig: Setting CVar [[gc.MinGCClusterSize:5]]
[2023.12.08-19.58.16:793][  0]LogConfig: Setting CVar [[gc.ActorClusteringEnabled:0]]
[2023.12.08-19.58.16:793][  0]LogConfig: Setting CVar [[gc.BlueprintClusteringEnabled:0]]
[2023.12.08-19.58.16:793][  0]LogConfig: Setting CVar [[gc.UseDisregardForGCOnDedicatedServers:0]]
[2023.12.08-19.58.16:793][  0]LogConfig: Setting CVar [[gc.MultithreadedDestructionEnabled:1]]
[2023.12.08-19.58.16:793][  0]LogConfig: Applying CVar settings from Section [/Script/Engine.NetworkSettings] File [C:/Users/kd615/Documents/Platformer-Project/Platformer_Project/Saved/Config/Windows/Engine.ini]
[2023.12.08-19.58.16:793][  0]LogConfig: Applying CVar settings from Section [/Script/UnrealEd.CookerSettings] File [C:/Users/kd615/Documents/Platformer-Project/Platformer_Project/Saved/Config/Windows/Engine.ini]
[2023.12.08-19.58.16:803][  0]LogConfig: Applying CVar settings from Section [ViewDistanceQuality@3] File [C:/Users/kd615/Documents/Platformer-Project/Platformer_Project/Saved/Config/Windows/Scalability.ini]
[2023.12.08-19.58.16:803][  0]LogConfig: Setting CVar [[r.SkeletalMeshLODBias:0]]
[2023.12.08-19.58.16:803][  0]LogConfig: Setting CVar [[r.ViewDistanceScale:1.0]]
[2023.12.08-19.58.16:803][  0]LogConfig: Applying CVar settings from Section [AntiAliasingQuality@3] File [C:/Users/kd615/Documents/Platformer-Project/Platformer_Project/Saved/Config/Windows/Scalability.ini]
[2023.12.08-19.58.16:803][  0]LogConfig: Setting CVar [[r.PostProcessAAQuality:4]]
[2023.12.08-19.58.16:803][  0]LogConfig: Applying CVar settings from Section [ShadowQuality@3] File [C:/Users/kd615/Documents/Platformer-Project/Platformer_Project/Saved/Config/Windows/Scalability.ini]
[2023.12.08-19.58.16:803][  0]LogConfig: Setting CVar [[r.LightFunctionQuality:1]]
[2023.12.08-19.58.16:803][  0]LogConfig: Setting CVar [[r.ShadowQuality:5]]
[2023.12.08-19.58.16:803][  0]LogConfig: Setting CVar [[r.Shadow.CSM.MaxCascades:10]]
[2023.12.08-19.58.16:803][  0]LogConfig: Setting CVar [[r.Shadow.MaxResolution:2048]]
[2023.12.08-19.58.16:803][  0]LogConfig: Setting CVar [[r.Shadow.MaxCSMResolution:2048]]
[2023.12.08-19.58.16:803][  0]LogConfig: Setting CVar [[r.Shadow.RadiusThreshold:0.01]]
[2023.12.08-19.58.16:803][  0]LogConfig: Setting CVar [[r.Shadow.DistanceScale:1.0]]
[2023.12.08-19.58.16:803][  0]LogConfig: Setting CVar [[r.Shadow.CSM.TransitionScale:1.0]]
[2023.12.08-19.58.16:803][  0]LogConfig: Setting CVar [[r.Shadow.PreShadowResolutionFactor:1.0]]
[2023.12.08-19.58.16:803][  0]LogConfig: Setting CVar [[r.DistanceFieldShadowing:1]]
[2023.12.08-19.58.16:803][  0]LogConfig: Setting CVar [[r.DistanceFieldAO:1]]
[2023.12.08-19.58.16:803][  0]LogConfig: Setting CVar [[r.AOQuality:2]]
[2023.12.08-19.58.16:803][  0]LogConfig: Setting CVar [[r.VolumetricFog:1]]
[2023.12.08-19.58.16:803][  0]LogConfig: Setting CVar [[r.VolumetricFog.GridPixelSize:8]]
[2023.12.08-19.58.16:803][  0]LogConfig: Setting CVar [[r.VolumetricFog.GridSizeZ:128]]
[2023.12.08-19.58.16:803][  0]LogConfig: Setting CVar [[r.VolumetricFog.HistoryMissSupersampleCount:4]]
[2023.12.08-19.58.16:803][  0]LogConfig: Setting CVar [[r.LightMaxDrawDistanceScale:1]]
[2023.12.08-19.58.16:803][  0]LogConfig: Setting CVar [[r.CapsuleShadows:1]]
[2023.12.08-19.58.16:803][  0]LogConfig: Applying CVar settings from Section [PostProcessQuality@3] File [C:/Users/kd615/Documents/Platformer-Project/Platformer_Project/Saved/Config/Windows/Scalability.ini]
[2023.12.08-19.58.16:803][  0]LogConfig: Setting CVar [[r.MotionBlurQuality:4]]
[2023.12.08-19.58.16:803][  0]LogConfig: Setting CVar [[r.AmbientOcclusionMipLevelFactor:0.4]]
[2023.12.08-19.58.16:803][  0]LogConfig: Setting CVar [[r.AmbientOcclusionMaxQuality:100]]
[2023.12.08-19.58.16:803][  0]LogConfig: Setting CVar [[r.AmbientOcclusionLevels:-1]]
[2023.12.08-19.58.16:803][  0]LogConfig: Setting CVar [[r.AmbientOcclusionRadiusScale:1.0]]
[2023.12.08-19.58.16:803][  0]LogConfig: Setting CVar [[r.DepthOfFieldQuality:2]]
[2023.12.08-19.58.16:803][  0]LogConfig: Setting CVar [[r.RenderTargetPoolMin:400]]
[2023.12.08-19.58.16:803][  0]LogConfig: Setting CVar [[r.LensFlareQuality:2]]
[2023.12.08-19.58.16:803][  0]LogConfig: Setting CVar [[r.SceneColorFringeQuality:1]]
[2023.12.08-19.58.16:803][  0]LogConfig: Setting CVar [[r.EyeAdaptationQuality:2]]
[2023.12.08-19.58.16:803][  0]LogConfig: Setting CVar [[r.BloomQuality:5]]
[2023.12.08-19.58.16:803][  0]LogConfig: Setting CVar [[r.FastBlurThreshold:100]]
[2023.12.08-19.58.16:803][  0]LogConfig: Setting CVar [[r.Upscale.Quality:3]]
[2023.12.08-19.58.16:803][  0]LogConfig: Setting CVar [[r.Tonemapper.GrainQuantization:1]]
[2023.12.08-19.58.16:803][  0]LogConfig: Setting CVar [[r.LightShaftQuality:1]]
[2023.12.08-19.58.16:803][  0]LogConfig: Setting CVar [[r.Filter.SizeScale:1]]
[2023.12.08-19.58.16:803][  0]LogConfig: Setting CVar [[r.Tonemapper.Quality:5]]
[2023.12.08-19.58.16:803][  0]LogConfig: Setting CVar [[r.DOF.Gather.AccumulatorQuality:1        ; higher gathering accumulator quality]]
[2023.12.08-19.58.16:803][  0]LogConfig: Setting CVar [[r.DOF.Gather.PostfilterMethod:1          ; Median3x3 postfilering method]]
[2023.12.08-19.58.16:803][  0]LogConfig: Setting CVar [[r.DOF.Gather.EnableBokehSettings:0       ; no bokeh simulation when gathering]]
[2023.12.08-19.58.16:803][  0]LogConfig: Setting CVar [[r.DOF.Gather.RingCount:4                 ; medium number of samples when gathering]]
[2023.12.08-19.58.16:803][  0]LogConfig: Setting CVar [[r.DOF.Scatter.ForegroundCompositing:1    ; additive foreground scattering]]
[2023.12.08-19.58.16:803][  0]LogConfig: Setting CVar [[r.DOF.Scatter.BackgroundCompositing:2    ; additive background scattering]]
[2023.12.08-19.58.16:803][  0]LogConfig: Setting CVar [[r.DOF.Scatter.EnableBokehSettings:1      ; bokeh simulation when scattering]]
[2023.12.08-19.58.16:803][  0]LogConfig: Setting CVar [[r.DOF.Scatter.MaxSpriteRatio:0.1         ; only a maximum of 10% of scattered bokeh]]
[2023.12.08-19.58.16:803][  0]LogConfig: Setting CVar [[r.DOF.Recombine.Quality:1                ; cheap slight out of focus]]
[2023.12.08-19.58.16:803][  0]LogConfig: Setting CVar [[r.DOF.Recombine.EnableBokehSettings:0    ; no bokeh simulation on slight out of focus]]
[2023.12.08-19.58.16:803][  0]LogConfig: Setting CVar [[r.DOF.TemporalAAQuality:1                ; more stable temporal accumulation]]
[2023.12.08-19.58.16:803][  0]LogConfig: Setting CVar [[r.DOF.Kernel.MaxForegroundRadius:0.025]]
[2023.12.08-19.58.16:803][  0]LogConfig: Setting CVar [[r.DOF.Kernel.MaxBackgroundRadius:0.025]]
[2023.12.08-19.58.16:803][  0]LogConfig: Applying CVar settings from Section [TextureQuality@3] File [C:/Users/kd615/Documents/Platformer-Project/Platformer_Project/Saved/Config/Windows/Scalability.ini]
[2023.12.08-19.58.16:804][  0]LogConfig: Setting CVar [[r.Streaming.MipBias:0]]
[2023.12.08-19.58.16:804][  0]LogConfig: Setting CVar [[r.Streaming.AmortizeCPUToGPUCopy:0]]
[2023.12.08-19.58.16:804][  0]LogConfig: Setting CVar [[r.Streaming.MaxNumTexturesToStreamPerFrame:0]]
[2023.12.08-19.58.16:804][  0]LogConfig: Setting CVar [[r.Streaming.Boost:1]]
[2023.12.08-19.58.16:804][  0]LogConfig: Setting CVar [[r.MaxAnisotropy:8]]
[2023.12.08-19.58.16:804][  0]LogConfig: Setting CVar [[r.VT.MaxAnisotropy:8]]
[2023.12.08-19.58.16:804][  0]LogConfig: Setting CVar [[r.Streaming.LimitPoolSizeToVRAM:0]]
[2023.12.08-19.58.16:804][  0]LogConfig: Setting CVar [[r.Streaming.PoolSize:1000]]
[2023.12.08-19.58.16:804][  0]LogConfig: Setting CVar [[r.Streaming.MaxEffectiveScreenSize:0]]
[2023.12.08-19.58.16:804][  0]LogConfig: Applying CVar settings from Section [EffectsQuality@3] File [C:/Users/kd615/Documents/Platformer-Project/Platformer_Project/Saved/Config/Windows/Scalability.ini]
[2023.12.08-19.58.16:804][  0]LogConfig: Setting CVar [[r.TranslucencyLightingVolumeDim:64]]
[2023.12.08-19.58.16:804][  0]LogConfig: Setting CVar [[r.RefractionQuality:2]]
[2023.12.08-19.58.16:804][  0]LogConfig: Setting CVar [[r.SSR.Quality:3]]
[2023.12.08-19.58.16:804][  0]LogConfig: Setting CVar [[r.SSR.HalfResSceneColor:0]]
[2023.12.08-19.58.16:804][  0]LogConfig: Setting CVar [[r.SceneColorFormat:4]]
[2023.12.08-19.58.16:804][  0]LogConfig: Setting CVar [[r.DetailMode:2]]
[2023.12.08-19.58.16:804][  0]LogConfig: Setting CVar [[r.TranslucencyVolumeBlur:1]]
[2023.12.08-19.58.16:804][  0]LogConfig: Setting CVar [[r.MaterialQualityLevel:1 ; High quality]]
[2023.12.08-19.58.16:804][  0]LogConfig: Setting CVar [[r.AnisotropicMaterials:1]]
[2023.12.08-19.58.16:804][  0]LogConfig: Setting CVar [[r.SSS.Scale:1]]
[2023.12.08-19.58.16:804][  0]LogConfig: Setting CVar [[r.SSS.SampleSet:2]]
[2023.12.08-19.58.16:804][  0]LogConfig: Setting CVar [[r.SSS.Quality:1]]
[2023.12.08-19.58.16:804][  0]LogConfig: Setting CVar [[r.SSS.HalfRes:0]]
[2023.12.08-19.58.16:804][  0]LogConfig: Setting CVar [[r.SSGI.Quality:3]]
[2023.12.08-19.58.16:804][  0]LogConfig: Setting CVar [[r.EmitterSpawnRateScale:1.0]]
[2023.12.08-19.58.16:804][  0]LogConfig: Setting CVar [[r.ParticleLightQuality:2]]
[2023.12.08-19.58.16:804][  0]LogConfig: Setting CVar [[r.SkyAtmosphere.AerialPerspectiveLUT.FastApplyOnOpaque:1 ; Always have FastSkyLUT 1 in this case to avoid wrong sky]]
[2023.12.08-19.58.16:804][  0]LogConfig: Setting CVar [[r.SkyAtmosphere.AerialPerspectiveLUT.SampleCountMaxPerSlice:4]]
[2023.12.08-19.58.16:804][  0]LogConfig: Setting CVar [[r.SkyAtmosphere.AerialPerspectiveLUT.DepthResolution:16.0]]
[2023.12.08-19.58.16:804][  0]LogConfig: Setting CVar [[r.SkyAtmosphere.FastSkyLUT:1]]
[2023.12.08-19.58.16:804][  0]LogConfig: Setting CVar [[r.SkyAtmosphere.FastSkyLUT.SampleCountMin:4.0]]
[2023.12.08-19.58.16:804][  0]LogConfig: Setting CVar [[r.SkyAtmosphere.FastSkyLUT.SampleCountMax:128.0]]
[2023.12.08-19.58.16:804][  0]LogConfig: Setting CVar [[r.SkyAtmosphere.SampleCountMin:4.0]]
[2023.12.08-19.58.16:804][  0]LogConfig: Setting CVar [[r.SkyAtmosphere.SampleCountMax:128.0]]
[2023.12.08-19.58.16:804][  0]LogConfig: Setting CVar [[r.SkyAtmosphere.TransmittanceLUT.UseSmallFormat:0]]
[2023.12.08-19.58.16:804][  0]LogConfig: Setting CVar [[r.SkyAtmosphere.TransmittanceLUT.SampleCount:10.0]]
[2023.12.08-19.58.16:804][  0]LogConfig: Setting CVar [[r.SkyAtmosphere.MultiScatteringLUT.SampleCount:15.0]]
[2023.12.08-19.58.16:804][  0]LogConfig: Setting CVar [[r.SkyLight.RealTimeReflectionCapture:1]]
[2023.12.08-19.58.16:804][  0]LogConfig: Setting CVar [[fx.Niagara.QualityLevel:3]]
[2023.12.08-19.58.16:804][  0]LogConfig: Applying CVar settings from Section [FoliageQuality@3] File [C:/Users/kd615/Documents/Platformer-Project/Platformer_Project/Saved/Config/Windows/Scalability.ini]
[2023.12.08-19.58.16:804][  0]LogConfig: Setting CVar [[foliage.DensityScale:1.0]]
[2023.12.08-19.58.16:804][  0]LogConfig: Setting CVar [[grass.DensityScale:1.0]]
[2023.12.08-19.58.16:804][  0]LogConfig: Applying CVar settings from Section [ShadingQuality@3] File [C:/Users/kd615/Documents/Platformer-Project/Platformer_Project/Saved/Config/Windows/Scalability.ini]
[2023.12.08-19.58.16:804][  0]LogConfig: Setting CVar [[r.HairStrands.SkyLighting.IntegrationType:2]]
[2023.12.08-19.58.16:804][  0]LogConfig: Setting CVar [[r.HairStrands.SkyAO.SampleCount:4]]
[2023.12.08-19.58.16:804][  0]LogConfig: Setting CVar [[r.HairStrands.Visibility.MSAA.SamplePerPixel:4]]
[2023.12.08-19.58.16:804][  0]LogConfig: Setting CVar [[r.HairStrands.Interpolation.UseSingleGuide:0]]
[2023.12.08-19.58.16:804][  0]LogInit: Selected Device Profile: [Windows]
[2023.12.08-19.58.16:804][  0]LogInit: Applying CVar settings loaded from the selected device profile: [Windows]
[2023.12.08-19.58.16:804][  0]LogHAL: Display: Platform has ~ 64 GB [68393086976 / 68719476736 / 64], which maps to Largest [LargestMinGB=32, LargerMinGB=12, DefaultMinGB=8, SmallerMinGB=6, SmallestMinGB=0)
[2023.12.08-19.58.16:804][  0]LogInit: Going up to parent DeviceProfile []
[2023.12.08-19.58.16:804][  0]LogConfig: Applying CVar settings from Section [ViewDistanceQuality@3] File [C:/Users/kd615/Documents/Platformer-Project/Platformer_Project/Saved/Config/Windows/Scalability.ini]
[2023.12.08-19.58.16:804][  0]LogConfig: Setting CVar [[r.SkeletalMeshLODBias:0]]
[2023.12.08-19.58.16:804][  0]LogConfig: Setting CVar [[r.ViewDistanceScale:1.0]]
[2023.12.08-19.58.16:804][  0]LogConfig: Applying CVar settings from Section [AntiAliasingQuality@3] File [C:/Users/kd615/Documents/Platformer-Project/Platformer_Project/Saved/Config/Windows/Scalability.ini]
[2023.12.08-19.58.16:804][  0]LogConfig: Setting CVar [[r.PostProcessAAQuality:4]]
[2023.12.08-19.58.16:804][  0]LogConfig: Applying CVar settings from Section [ShadowQuality@3] File [C:/Users/kd615/Documents/Platformer-Project/Platformer_Project/Saved/Config/Windows/Scalability.ini]
[2023.12.08-19.58.16:804][  0]LogConfig: Setting CVar [[r.LightFunctionQuality:1]]
[2023.12.08-19.58.16:804][  0]LogConfig: Setting CVar [[r.ShadowQuality:5]]
[2023.12.08-19.58.16:804][  0]LogConfig: Setting CVar [[r.Shadow.CSM.MaxCascades:10]]
[2023.12.08-19.58.16:804][  0]LogConfig: Setting CVar [[r.Shadow.MaxResolution:2048]]
[2023.12.08-19.58.16:804][  0]LogConfig: Setting CVar [[r.Shadow.MaxCSMResolution:2048]]
[2023.12.08-19.58.16:804][  0]LogConfig: Setting CVar [[r.Shadow.RadiusThreshold:0.01]]
[2023.12.08-19.58.16:804][  0]LogConfig: Setting CVar [[r.Shadow.DistanceScale:1.0]]
[2023.12.08-19.58.16:804][  0]LogConfig: Setting CVar [[r.Shadow.CSM.TransitionScale:1.0]]
[2023.12.08-19.58.16:804][  0]LogConfig: Setting CVar [[r.Shadow.PreShadowResolutionFactor:1.0]]
[2023.12.08-19.58.16:804][  0]LogConfig: Setting CVar [[r.DistanceFieldShadowing:1]]
[2023.12.08-19.58.16:804][  0]LogConfig: Setting CVar [[r.DistanceFieldAO:1]]
[2023.12.08-19.58.16:804][  0]LogConfig: Setting CVar [[r.AOQuality:2]]
[2023.12.08-19.58.16:804][  0]LogConfig: Setting CVar [[r.VolumetricFog:1]]
[2023.12.08-19.58.16:804][  0]LogConfig: Setting CVar [[r.VolumetricFog.GridPixelSize:8]]
[2023.12.08-19.58.16:804][  0]LogConfig: Setting CVar [[r.VolumetricFog.GridSizeZ:128]]
[2023.12.08-19.58.16:804][  0]LogConfig: Setting CVar [[r.VolumetricFog.HistoryMissSupersampleCount:4]]
[2023.12.08-19.58.16:804][  0]LogConfig: Setting CVar [[r.LightMaxDrawDistanceScale:1]]
[2023.12.08-19.58.16:804][  0]LogConfig: Setting CVar [[r.CapsuleShadows:1]]
[2023.12.08-19.58.16:804][  0]LogConfig: Applying CVar settings from Section [PostProcessQuality@3] File [C:/Users/kd615/Documents/Platformer-Project/Platformer_Project/Saved/Config/Windows/Scalability.ini]
[2023.12.08-19.58.16:804][  0]LogConfig: Setting CVar [[r.MotionBlurQuality:4]]
[2023.12.08-19.58.16:804][  0]LogConfig: Setting CVar [[r.AmbientOcclusionMipLevelFactor:0.4]]
[2023.12.08-19.58.16:804][  0]LogConfig: Setting CVar [[r.AmbientOcclusionMaxQuality:100]]
[2023.12.08-19.58.16:804][  0]LogConfig: Setting CVar [[r.AmbientOcclusionLevels:-1]]
[2023.12.08-19.58.16:804][  0]LogConfig: Setting CVar [[r.AmbientOcclusionRadiusScale:1.0]]
[2023.12.08-19.58.16:804][  0]LogConfig: Setting CVar [[r.DepthOfFieldQuality:2]]
[2023.12.08-19.58.16:804][  0]LogConfig: Setting CVar [[r.RenderTargetPoolMin:400]]
[2023.12.08-19.58.16:804][  0]LogConfig: Setting CVar [[r.LensFlareQuality:2]]
[2023.12.08-19.58.16:804][  0]LogConfig: Setting CVar [[r.SceneColorFringeQuality:1]]
[2023.12.08-19.58.16:804][  0]LogConfig: Setting CVar [[r.EyeAdaptationQuality:2]]
[2023.12.08-19.58.16:804][  0]LogConfig: Setting CVar [[r.BloomQuality:5]]
[2023.12.08-19.58.16:804][  0]LogConfig: Setting CVar [[r.FastBlurThreshold:100]]
[2023.12.08-19.58.16:804][  0]LogConfig: Setting CVar [[r.Upscale.Quality:3]]
[2023.12.08-19.58.16:804][  0]LogConfig: Setting CVar [[r.Tonemapper.GrainQuantization:1]]
[2023.12.08-19.58.16:804][  0]LogConfig: Setting CVar [[r.LightShaftQuality:1]]
[2023.12.08-19.58.16:804][  0]LogConfig: Setting CVar [[r.Filter.SizeScale:1]]
[2023.12.08-19.58.16:804][  0]LogConfig: Setting CVar [[r.Tonemapper.Quality:5]]
[2023.12.08-19.58.16:804][  0]LogConfig: Setting CVar [[r.DOF.Gather.AccumulatorQuality:1        ; higher gathering accumulator quality]]
[2023.12.08-19.58.16:804][  0]LogConfig: Setting CVar [[r.DOF.Gather.PostfilterMethod:1          ; Median3x3 postfilering method]]
[2023.12.08-19.58.16:804][  0]LogConfig: Setting CVar [[r.DOF.Gather.EnableBokehSettings:0       ; no bokeh simulation when gathering]]
[2023.12.08-19.58.16:804][  0]LogConfig: Setting CVar [[r.DOF.Gather.RingCount:4                 ; medium number of samples when gathering]]
[2023.12.08-19.58.16:804][  0]LogConfig: Setting CVar [[r.DOF.Scatter.ForegroundCompositing:1    ; additive foreground scattering]]
[2023.12.08-19.58.16:804][  0]LogConfig: Setting CVar [[r.DOF.Scatter.BackgroundCompositing:2    ; additive background scattering]]
[2023.12.08-19.58.16:804][  0]LogConfig: Setting CVar [[r.DOF.Scatter.EnableBokehSettings:1      ; bokeh simulation when scattering]]
[2023.12.08-19.58.16:804][  0]LogConfig: Setting CVar [[r.DOF.Scatter.MaxSpriteRatio:0.1         ; only a maximum of 10% of scattered bokeh]]
[2023.12.08-19.58.16:804][  0]LogConfig: Setting CVar [[r.DOF.Recombine.Quality:1                ; cheap slight out of focus]]
[2023.12.08-19.58.16:804][  0]LogConfig: Setting CVar [[r.DOF.Recombine.EnableBokehSettings:0    ; no bokeh simulation on slight out of focus]]
[2023.12.08-19.58.16:804][  0]LogConfig: Setting CVar [[r.DOF.TemporalAAQuality:1                ; more stable temporal accumulation]]
[2023.12.08-19.58.16:804][  0]LogConfig: Setting CVar [[r.DOF.Kernel.MaxForegroundRadius:0.025]]
[2023.12.08-19.58.16:804][  0]LogConfig: Setting CVar [[r.DOF.Kernel.MaxBackgroundRadius:0.025]]
[2023.12.08-19.58.16:804][  0]LogConfig: Applying CVar settings from Section [TextureQuality@3] File [C:/Users/kd615/Documents/Platformer-Project/Platformer_Project/Saved/Config/Windows/Scalability.ini]
[2023.12.08-19.58.16:804][  0]LogConfig: Setting CVar [[r.Streaming.MipBias:0]]
[2023.12.08-19.58.16:804][  0]LogConfig: Setting CVar [[r.Streaming.AmortizeCPUToGPUCopy:0]]
[2023.12.08-19.58.16:804][  0]LogConfig: Setting CVar [[r.Streaming.MaxNumTexturesToStreamPerFrame:0]]
[2023.12.08-19.58.16:804][  0]LogConfig: Setting CVar [[r.Streaming.Boost:1]]
[2023.12.08-19.58.16:804][  0]LogConfig: Setting CVar [[r.MaxAnisotropy:8]]
[2023.12.08-19.58.16:804][  0]LogConfig: Setting CVar [[r.VT.MaxAnisotropy:8]]
[2023.12.08-19.58.16:804][  0]LogConfig: Setting CVar [[r.Streaming.LimitPoolSizeToVRAM:0]]
[2023.12.08-19.58.16:804][  0]LogConfig: Setting CVar [[r.Streaming.PoolSize:1000]]
[2023.12.08-19.58.16:804][  0]LogConfig: Setting CVar [[r.Streaming.MaxEffectiveScreenSize:0]]
[2023.12.08-19.58.16:804][  0]LogConfig: Applying CVar settings from Section [EffectsQuality@3] File [C:/Users/kd615/Documents/Platformer-Project/Platformer_Project/Saved/Config/Windows/Scalability.ini]
[2023.12.08-19.58.16:804][  0]LogConfig: Setting CVar [[r.TranslucencyLightingVolumeDim:64]]
[2023.12.08-19.58.16:804][  0]LogConfig: Setting CVar [[r.RefractionQuality:2]]
[2023.12.08-19.58.16:804][  0]LogConfig: Setting CVar [[r.SSR.Quality:3]]
[2023.12.08-19.58.16:804][  0]LogConfig: Setting CVar [[r.SSR.HalfResSceneColor:0]]
[2023.12.08-19.58.16:804][  0]LogConfig: Setting CVar [[r.SceneColorFormat:4]]
[2023.12.08-19.58.16:804][  0]LogConfig: Setting CVar [[r.DetailMode:2]]
[2023.12.08-19.58.16:804][  0]LogConfig: Setting CVar [[r.TranslucencyVolumeBlur:1]]
[2023.12.08-19.58.16:804][  0]LogConfig: Setting CVar [[r.MaterialQualityLevel:1 ; High quality]]
[2023.12.08-19.58.16:804][  0]LogConfig: Setting CVar [[r.AnisotropicMaterials:1]]
[2023.12.08-19.58.16:804][  0]LogConfig: Setting CVar [[r.SSS.Scale:1]]
[2023.12.08-19.58.16:804][  0]LogConfig: Setting CVar [[r.SSS.SampleSet:2]]
[2023.12.08-19.58.16:804][  0]LogConfig: Setting CVar [[r.SSS.Quality:1]]
[2023.12.08-19.58.16:804][  0]LogConfig: Setting CVar [[r.SSS.HalfRes:0]]
[2023.12.08-19.58.16:804][  0]LogConfig: Setting CVar [[r.SSGI.Quality:3]]
[2023.12.08-19.58.16:804][  0]LogConfig: Setting CVar [[r.EmitterSpawnRateScale:1.0]]
[2023.12.08-19.58.16:804][  0]LogConfig: Setting CVar [[r.ParticleLightQuality:2]]
[2023.12.08-19.58.16:804][  0]LogConfig: Setting CVar [[r.SkyAtmosphere.AerialPerspectiveLUT.FastApplyOnOpaque:1 ; Always have FastSkyLUT 1 in this case to avoid wrong sky]]
[2023.12.08-19.58.16:804][  0]LogConfig: Setting CVar [[r.SkyAtmosphere.AerialPerspectiveLUT.SampleCountMaxPerSlice:4]]
[2023.12.08-19.58.16:804][  0]LogConfig: Setting CVar [[r.SkyAtmosphere.AerialPerspectiveLUT.DepthResolution:16.0]]
[2023.12.08-19.58.16:804][  0]LogConfig: Setting CVar [[r.SkyAtmosphere.FastSkyLUT:1]]
[2023.12.08-19.58.16:804][  0]LogConfig: Setting CVar [[r.SkyAtmosphere.FastSkyLUT.SampleCountMin:4.0]]
[2023.12.08-19.58.16:804][  0]LogConfig: Setting CVar [[r.SkyAtmosphere.FastSkyLUT.SampleCountMax:128.0]]
[2023.12.08-19.58.16:804][  0]LogConfig: Setting CVar [[r.SkyAtmosphere.SampleCountMin:4.0]]
[2023.12.08-19.58.16:804][  0]LogConfig: Setting CVar [[r.SkyAtmosphere.SampleCountMax:128.0]]
[2023.12.08-19.58.16:804][  0]LogConfig: Setting CVar [[r.SkyAtmosphere.TransmittanceLUT.UseSmallFormat:0]]
[2023.12.08-19.58.16:804][  0]LogConfig: Setting CVar [[r.SkyAtmosphere.TransmittanceLUT.SampleCount:10.0]]
[2023.12.08-19.58.16:804][  0]LogConfig: Setting CVar [[r.SkyAtmosphere.MultiScatteringLUT.SampleCount:15.0]]
[2023.12.08-19.58.16:804][  0]LogConfig: Setting CVar [[r.SkyLight.RealTimeReflectionCapture:1]]
[2023.12.08-19.58.16:804][  0]LogConfig: Setting CVar [[fx.Niagara.QualityLevel:3]]
[2023.12.08-19.58.16:804][  0]LogConfig: Applying CVar settings from Section [FoliageQuality@3] File [C:/Users/kd615/Documents/Platformer-Project/Platformer_Project/Saved/Config/Windows/Scalability.ini]
[2023.12.08-19.58.16:804][  0]LogConfig: Setting CVar [[foliage.DensityScale:1.0]]
[2023.12.08-19.58.16:804][  0]LogConfig: Setting CVar [[grass.DensityScale:1.0]]
[2023.12.08-19.58.16:804][  0]LogConfig: Applying CVar settings from Section [ShadingQuality@3] File [C:/Users/kd615/Documents/Platformer-Project/Platformer_Project/Saved/Config/Windows/Scalability.ini]
[2023.12.08-19.58.16:804][  0]LogConfig: Setting CVar [[r.HairStrands.SkyLighting.IntegrationType:2]]
[2023.12.08-19.58.16:804][  0]LogConfig: Setting CVar [[r.HairStrands.SkyAO.SampleCount:4]]
[2023.12.08-19.58.16:804][  0]LogConfig: Setting CVar [[r.HairStrands.Visibility.MSAA.SamplePerPixel:4]]
[2023.12.08-19.58.16:804][  0]LogConfig: Setting CVar [[r.HairStrands.Interpolation.UseSingleGuide:0]]
[2023.12.08-19.58.16:804][  0]LogConfig: Applying CVar settings from Section [Startup] File [../../../Engine/Config/ConsoleVariables.ini]
[2023.12.08-19.58.16:805][  0]LogConfig: Setting CVar [[net.UseAdaptiveNetUpdateFrequency:0]]
[2023.12.08-19.58.16:805][  0]LogConfig: Setting CVar [[p.chaos.AllowCreatePhysxBodies:1]]
[2023.12.08-19.58.16:805][  0]LogConfig: Setting CVar [[fx.SkipVectorVMBackendOptimizations:1]]
[2023.12.08-19.58.16:805][  0]LogConfig: Applying CVar settings from Section [ConsoleVariables] File [C:/Users/kd615/Documents/Platformer-Project/Platformer_Project/Saved/Config/Windows/Engine.ini]
[2023.12.08-19.58.16:805][  0]LogConfig: Applying CVar settings from Section [ConsoleVariables] File [C:/Users/kd615/Documents/Platformer-Project/Platformer_Project/Saved/Config/Windows/Editor.ini]
[2023.12.08-19.58.16:805][  0]LogInit: Computer: A47708
[2023.12.08-19.58.16:805][  0]LogInit: User: kd615
[2023.12.08-19.58.16:805][  0]LogInit: CPU Page size=4096, Cores=16
[2023.12.08-19.58.16:805][  0]LogInit: High frequency timer resolution =10.000000 MHz
[2023.12.08-19.58.16:805][  0]LogMemory: Memory total: Physical=63.7GB (64GB approx)
[2023.12.08-19.58.16:805][  0]LogMemory: Platform Memory Stats for Windows
[2023.12.08-19.58.16:805][  0]LogMemory: Process Physical Memory: 159.68 MB used, 159.68 MB peak
[2023.12.08-19.58.16:805][  0]LogMemory: Process Virtual Memory: 139.75 MB used, 139.75 MB peak
[2023.12.08-19.58.16:805][  0]LogMemory: Physical Memory: 17728.32 MB used,  47496.41 MB free, 65224.73 MB total
[2023.12.08-19.58.16:805][  0]LogMemory: Virtual Memory: 134163136.00 MB used,  54589.68 MB free, 134217728.00 MB total
[2023.12.08-19.58.16:809][  0]LogWindows: WindowsPlatformFeatures enabled
[2023.12.08-19.58.16:852][  0]LogInit: Physics initialised using underlying interface: PhysX
[2023.12.08-19.58.16:853][  0]LogInit: Using OS detected language (en-GB).
[2023.12.08-19.58.16:853][  0]LogInit: Using OS detected locale (en-GB).
[2023.12.08-19.58.16:855][  0]LogTextLocalizationManager: No specific localization for 'en-GB' exists, so the 'en' localization will be used.
[2023.12.08-19.58.16:986][  0]LogInit: Setting process to per monitor DPI aware
[2023.12.08-19.58.17:004][  0]LogWindowsTextInputMethodSystem: Display: IME system deactivated.
[2023.12.08-19.58.17:020][  0]LogSlate: New Slate User Created.  User Index 0, Is Virtual User: 0
[2023.12.08-19.58.17:020][  0]LogSlate: Slate User Registered.  User Index 0, Is Virtual User: 0
[2023.12.08-19.58.17:347][  0]LogD3D11RHI: Loaded GFSDK_Aftermath_Lib.x64.dll
[2023.12.08-19.58.17:350][  0]LogHMD: Failed to initialize OpenVR with code 110
[2023.12.08-19.58.17:350][  0]LogD3D11RHI: D3D11 min allowed feature level: 11_0
[2023.12.08-19.58.17:350][  0]LogD3D11RHI: D3D11 max allowed feature level: 11_0
[2023.12.08-19.58.17:350][  0]LogD3D11RHI: D3D11 adapters:
[2023.12.08-19.58.17:533][  0]LogD3D11RHI:    0. 'NVIDIA GeForce RTX 3070' (Feature Level 11_0)
[2023.12.08-19.58.17:533][  0]LogD3D11RHI:       8031/0/32612 MB DedicatedVideo/DedicatedSystem/SharedSystem, Outputs:1, VendorId:0x10de
[2023.12.08-19.58.17:608][  0]LogD3D11RHI:    1. 'Intel(R) UHD Graphics 770' (Feature Level 11_0)
[2023.12.08-19.58.17:608][  0]LogD3D11RHI:       128/0/32612 MB DedicatedVideo/DedicatedSystem/SharedSystem, Outputs:0, VendorId:0x8086
[2023.12.08-19.58.17:611][  0]LogD3D11RHI:    2. 'Microsoft Basic Render Driver' (Feature Level 11_0)
[2023.12.08-19.58.17:611][  0]LogD3D11RHI:       0/0/32612 MB DedicatedVideo/DedicatedSystem/SharedSystem, Outputs:0, VendorId:0x1414
[2023.12.08-19.58.17:611][  0]LogD3D11RHI: Chosen D3D11 Adapter:
[2023.12.08-19.58.17:611][  0]LogD3D11RHI:     Description : NVIDIA GeForce RTX 3070
[2023.12.08-19.58.17:611][  0]LogD3D11RHI:     VendorId    : 10de
[2023.12.08-19.58.17:611][  0]LogD3D11RHI:     DeviceId    : 2488
[2023.12.08-19.58.17:611][  0]LogD3D11RHI:     SubSysId    : c9031028
[2023.12.08-19.58.17:611][  0]LogD3D11RHI:     Revision    : 00a1
[2023.12.08-19.58.17:611][  0]LogD3D11RHI:     DedicatedVideoMemory : 8421113856 bytes
[2023.12.08-19.58.17:611][  0]LogD3D11RHI:     DedicatedSystemMemory : 0 bytes
[2023.12.08-19.58.17:611][  0]LogD3D11RHI:     SharedSystemMemory : 34196543488 bytes
[2023.12.08-19.58.17:611][  0]LogD3D11RHI:     AdapterLuid : 0 70529
[2023.12.08-19.58.17:619][  0]LogD3D11RHI: Creating new Direct3DDevice
[2023.12.08-19.58.17:619][  0]LogD3D11RHI:     GPU DeviceId: 0x2488 (for the marketing name, search the web for "GPU Device Id")
[2023.12.08-19.58.17:619][  0]LogWindows: EnumDisplayDevices:
[2023.12.08-19.58.17:619][  0]LogWindows:    0. 'NVIDIA GeForce RTX 3070' (P:1 D:1)
[2023.12.08-19.58.17:620][  0]LogWindows:    1. 'NVIDIA GeForce RTX 3070' (P:0 D:0)
[2023.12.08-19.58.17:620][  0]LogWindows:    2. 'NVIDIA GeForce RTX 3070' (P:0 D:0)
[2023.12.08-19.58.17:620][  0]LogWindows:    3. 'NVIDIA GeForce RTX 3070' (P:0 D:0)
[2023.12.08-19.58.17:620][  0]LogWindows:    4. 'Intel(R) UHD Graphics 770' (P:0 D:0)
[2023.12.08-19.58.17:620][  0]LogWindows:    5. 'Intel(R) UHD Graphics 770' (P:0 D:0)
[2023.12.08-19.58.17:620][  0]LogWindows:    6. 'Intel(R) UHD Graphics 770' (P:0 D:0)
[2023.12.08-19.58.17:620][  0]LogWindows:    7. 'Intel(R) UHD Graphics 770' (P:0 D:0)
[2023.12.08-19.58.17:621][  0]LogWindows: DebugString: PrimaryIsNotTheChoosenAdapter PrimaryIsNotTheChoosenAdapter PrimaryIsNotTheChoosenAdapter PrimaryIsNotTheChoosenAdapter FoundDriverCount:4 
[2023.12.08-19.58.17:621][  0]LogD3D11RHI:     Adapter Name: NVIDIA GeForce RTX 3070
[2023.12.08-19.58.17:621][  0]LogD3D11RHI:   Driver Version: 531.41 (internal:31.0.15.3141, unified:531.41)
[2023.12.08-19.58.17:621][  0]LogD3D11RHI:      Driver Date: 3-16-2023
[2023.12.08-19.58.17:621][  0]LogRHI: Texture pool is 5621 MB (70% of 8031 MB)
[2023.12.08-19.58.17:621][  0]LogD3D11RHI: Creating D3DDevice using adapter:
[2023.12.08-19.58.17:621][  0]LogD3D11RHI:     Description : NVIDIA GeForce RTX 3070
[2023.12.08-19.58.17:621][  0]LogD3D11RHI:     VendorId    : 10de
[2023.12.08-19.58.17:621][  0]LogD3D11RHI:     DeviceId    : 2488
[2023.12.08-19.58.17:621][  0]LogD3D11RHI:     SubSysId    : c9031028
[2023.12.08-19.58.17:621][  0]LogD3D11RHI:     Revision    : 00a1
[2023.12.08-19.58.17:621][  0]LogD3D11RHI:     DedicatedVideoMemory : 8421113856 bytes
[2023.12.08-19.58.17:621][  0]LogD3D11RHI:     DedicatedSystemMemory : 0 bytes
[2023.12.08-19.58.17:621][  0]LogD3D11RHI:     SharedSystemMemory : 34196543488 bytes
[2023.12.08-19.58.17:621][  0]LogD3D11RHI:     AdapterLuid : 0 70529
[2023.12.08-19.58.17:701][  0]LogD3D11RHI: RHI has support for 64 bit atomics
[2023.12.08-19.58.17:701][  0]LogD3D11RHI: Async texture creation enabled
[2023.12.08-19.58.17:701][  0]LogD3D11RHI: Array index from any shader is supported
[2023.12.08-19.58.17:702][  0]LogD3D11RHI: HDR output is supported on display 0 (NvId: 0x80061086).
[2023.12.08-19.58.17:712][  0]LogD3D11RHI: GPU Timing Frequency: 1000.000000 (Debug: 2 1)
[2023.12.08-19.58.17:737][  0]LogRHI: GeForceNow SDK initialized: 1
[2023.12.08-19.58.17:993][  0]LogTargetPlatformManager: Display: Loaded TargetPlatform 'AllDesktop'
[2023.12.08-19.58.18:008][  0]LogTargetPlatformManager: Display: Loaded TargetPlatform 'Android'
[2023.12.08-19.58.18:008][  0]LogTargetPlatformManager: Display: Loaded TargetPlatform 'Android_ASTC'
[2023.12.08-19.58.18:008][  0]LogTargetPlatformManager: Display: Loaded TargetPlatform 'Android_DXT'
[2023.12.08-19.58.18:008][  0]LogTargetPlatformManager: Display: Loaded TargetPlatform 'Android_ETC2'
[2023.12.08-19.58.18:008][  0]LogTargetPlatformManager: Display: Loaded TargetPlatform 'AndroidClient'
[2023.12.08-19.58.18:008][  0]LogTargetPlatformManager: Display: Loaded TargetPlatform 'Android_ASTCClient'
[2023.12.08-19.58.18:008][  0]LogTargetPlatformManager: Display: Loaded TargetPlatform 'Android_DXTClient'
[2023.12.08-19.58.18:008][  0]LogTargetPlatformManager: Display: Loaded TargetPlatform 'Android_ETC2Client'
[2023.12.08-19.58.18:008][  0]LogTargetPlatformManager: Display: Loaded TargetPlatform 'Android_Multi'
[2023.12.08-19.58.18:008][  0]LogTargetPlatformManager: Display: Loaded TargetPlatform 'Android_MultiClient'
[2023.12.08-19.58.18:024][  0]LogTargetPlatformManager: Display: Loaded TargetPlatform 'IOSClient'
[2023.12.08-19.58.18:024][  0]LogTargetPlatformManager: Display: Loaded TargetPlatform 'IOS'
[2023.12.08-19.58.18:034][  0]LogTargetPlatformManager: Display: Loaded TargetPlatform 'Linux'
[2023.12.08-19.58.18:039][  0]LogTargetPlatformManager: Display: Loaded TargetPlatform 'LinuxNoEditor'
[2023.12.08-19.58.18:045][  0]LogTargetPlatformManager: Display: Loaded TargetPlatform 'LinuxClient'
[2023.12.08-19.58.18:049][  0]LogTargetPlatformManager: Display: Loaded TargetPlatform 'LinuxServer'
[2023.12.08-19.58.18:063][  0]LogTargetPlatformManager: Display: Loaded TargetPlatform 'LinuxAArch64NoEditor'
[2023.12.08-19.58.18:067][  0]LogTargetPlatformManager: Display: Loaded TargetPlatform 'LinuxAArch64Client'
[2023.12.08-19.58.18:071][  0]LogTargetPlatformManager: Display: Loaded TargetPlatform 'LinuxAArch64Server'
[2023.12.08-19.58.18:091][  0]LogTargetPlatformManager: Display: Loaded TargetPlatform 'Lumin'
[2023.12.08-19.58.18:091][  0]LogTargetPlatformManager: Display: Loaded TargetPlatform 'LuminClient'
[2023.12.08-19.58.18:098][  0]LogTargetPlatformManager: Display: Loaded TargetPlatform 'MacNoEditor'
[2023.12.08-19.58.18:102][  0]LogTargetPlatformManager: Display: Loaded TargetPlatform 'Mac'
[2023.12.08-19.58.18:107][  0]LogTargetPlatformManager: Display: Loaded TargetPlatform 'MacClient'
[2023.12.08-19.58.18:111][  0]LogTargetPlatformManager: Display: Loaded TargetPlatform 'MacServer'
[2023.12.08-19.58.18:122][  0]LogTargetPlatformManager: Display: Loaded TargetPlatform 'TVOSClient'
[2023.12.08-19.58.18:122][  0]LogTargetPlatformManager: Display: Loaded TargetPlatform 'TVOS'
[2023.12.08-19.58.18:130][  0]LogTargetPlatformManager: Display: Loaded TargetPlatform 'WindowsNoEditor'
[2023.12.08-19.58.18:134][  0]LogTargetPlatformManager: Display: Loaded TargetPlatform 'Windows'
[2023.12.08-19.58.18:138][  0]LogTargetPlatformManager: Display: Loaded TargetPlatform 'WindowsClient'
[2023.12.08-19.58.18:143][  0]LogTargetPlatformManager: Display: Loaded TargetPlatform 'WindowsServer'
[2023.12.08-19.58.18:143][  0]LogTargetPlatformManager: Display: Building Assets For Windows
[2023.12.08-19.58.18:153][  0]LogAudioDebug: Display: Lib vorbis DLL was dynamically loaded.
[2023.12.08-19.58.18:190][  0]LogTextureFormatOodle: Display: Oodle Texture 2.9.0 init RDO Off
[2023.12.08-19.58.18:222][  0]LogRendererCore: Ray tracing is disabled. Reason: r.RayTracing=0.
[2023.12.08-19.58.18:222][  0]LogShaderCompilers: Guid format shader working directory is -31 characters bigger than the processId version (../../../../../../Users/kd615/Documents/Platformer-Project/Platformer_Project/Intermediate/Shaders/WorkingDirectory/5328/).
[2023.12.08-19.58.18:222][  0]LogShaderCompilers: Cleaned the shader compiler working directory 'C:/Users/kd615/AppData/Local/Temp/UnrealShaderWorkingDir/9F36DD5846F33B0C55A968B1E4773CB7/'.
[2023.12.08-19.58.18:223][  0]LogShaderCompilers: Display: Using XGE Controller for Shader Compilation.
[2023.12.08-19.58.18:846][  0]LogDerivedDataCache: Display: Max Cache Size: 512 MB
[2023.12.08-19.58.18:887][  0]LogDerivedDataCache: Loaded boot cache 0.04s 100MB C:/Users/kd615/AppData/Local/UnrealEngine/4.27/DerivedDataCache/Boot.ddc.
[2023.12.08-19.58.18:888][  0]LogDerivedDataCache: Display: Loaded Boot cache: C:/Users/kd615/AppData/Local/UnrealEngine/4.27/DerivedDataCache/Boot.ddc
[2023.12.08-19.58.18:888][  0]LogDerivedDataCache: FDerivedDataBackendGraph:  Pak pak cache file ../../../../../../Users/kd615/Documents/Platformer-Project/Platformer_Project/DerivedDataCache/DDC.ddp not found, will not use a pak cache.
[2023.12.08-19.58.18:888][  0]LogDerivedDataCache: Unable to find inner node Pak for hierarchical cache Hierarchy.
[2023.12.08-19.58.18:888][  0]LogDerivedDataCache: FDerivedDataBackendGraph:  CompressedPak pak cache file ../../../../../../Users/kd615/Documents/Platformer-Project/Platformer_Project/DerivedDataCache/Compressed.ddp not found, will not use a pak cache.
[2023.12.08-19.58.18:888][  0]LogDerivedDataCache: Unable to find inner node CompressedPak for hierarchical cache Hierarchy.
[2023.12.08-19.58.18:900][  0]LogDerivedDataCache: Display: Pak cache opened for reading ../../../Engine/DerivedDataCache/Compressed.ddp.
[2023.12.08-19.58.18:900][  0]LogDerivedDataCache: FDerivedDataBackendGraph:  EnterprisePak pak cache file ../../../Enterprise/DerivedDataCache/Compressed.ddp not found, will not use a pak cache.
[2023.12.08-19.58.18:900][  0]LogDerivedDataCache: Unable to find inner node EnterprisePak for hierarchical cache Hierarchy.
[2023.12.08-19.58.18:913][  0]LogDerivedDataCache: Speed tests for C:/Users/kd615/AppData/Local/UnrealEngine/Common/DerivedDataCache took 0.01 seconds
[2023.12.08-19.58.18:913][  0]LogDerivedDataCache: Display: Performance to C:/Users/kd615/AppData/Local/UnrealEngine/Common/DerivedDataCache: Latency=0.02ms. RandomReadSpeed=184.02MBs, RandomWriteSpeed=125.92MBs. Assigned SpeedClass 'Local'
[2023.12.08-19.58.18:913][  0]LogDerivedDataCache: Using Local data cache path C:/Users/kd615/AppData/Local/UnrealEngine/Common/DerivedDataCache: Writable
[2023.12.08-19.58.18:914][  0]LogDerivedDataCache: Shared data cache path not found in *engine.ini, will not use an Shared cache.
[2023.12.08-19.58.18:914][  0]LogDerivedDataCache: Unable to find inner node Shared for hierarchical cache Hierarchy.
[2023.12.08-19.58.18:943][  0]LogSlate: Using FreeType 2.10.0
[2023.12.08-19.58.18:944][  0]LogSlate: SlateFontServices - WITH_FREETYPE: 1, WITH_HARFBUZZ: 1
[2023.12.08-19.58.18:994][  0]LogAssetRegistry: FAssetRegistry took 0.0023 seconds to start up
[2023.12.08-19.58.19:152][  0]LogInit: Selected Device Profile: [Windows]
[2023.12.08-19.58.19:152][  0]LogInit: Active device profile: [000001B818D46C00][000001B80B866BC0 49] Windows
[2023.12.08-19.58.19:152][  0]LogInit: Profiles: [000001B818D46C00][000001B80B866BC0 49] Windows, [000001B818CF1600][000001B80B86ED40 49] WindowsNoEditor, [000001B818D46200][000001B80B872EC0 49] WindowsServer, [000001B818CF1F00][000001B80B877040 49] WindowsClient, [000001B818D44400][000001B80B87B1C0 49] IOS, [000001B818CF3200][000001B80B87F340 49] iPadAir, [000001B818CF0100][000001B80B8834C0 49] iPadAir2, [000001B818C85200][000001B80B88B780 49] IPadPro, [000001B818C85300][000001B80B8877C0 49] iPadAir3, [000001B818D44C00][000001B80B88F940 49] iPadAir4, [000001B818C87100][000001B80B893AC0 49] iPadMini2, [000001B818C84800][000001B80B8960C0 49] iPadMini3, [000001B818CF1500][000001B817DAA240 49] iPadMini4, [000001B818C85100][000001B817DAE3C0 49] iPadMini5, [000001B818CC0900][000001B80B86A640 49] iPhone6, [000001B818CC0A00][000001B817DB2680 49] iPodTouch6, [000001B818D44D00][000001B817DBA8C0 49] iPhone7, [000001B818D44600][000001B817DB6900 49] iPodTouch7, [000001B818CC0400][000001B817DBEA40 49] iPhone5S, [000001B818CF1C00][000001B817DC6BC0 49] iPhone6Plus, [000001B818CC3B00][000001B817DCAD40 49] iPhone6S, [000001B818CF2200][000001B817DCEEC0 49] iPhone6SPlus, [000001B818CC3500][000001B817DD3040 49] iPhone7Plus, [000001B818CF2800][000001B817DD71C0 49] iPhoneSE, [000001B818CC2B00][000001B817DDB340 49] iPhone8, [000001B818CF2000][000001B817DDF4C0 49] iPhone8Plus, [000001B818CC2900][000001B817DE3640 49] iPhoneX, [000001B818CF3C00][000001B817DE77C0 49] iPhoneXS, [000001B818CC3900][000001B817DEB940 49] iPhoneXSMax, [000001B818D44B00][000001B817DEFAC0 49] iPhoneXR, [000001B818CC1A00][000001B817DF20C0 49] iPhone11, [000001B818D46A00][000001B817DF6240 49] iPhone11Pro, [000001B818CC2300][000001B817DFA3C0 49] iPhone11ProMax, [000001B818D45B00][000001B817DFE540 49] iPhoneSE2, [000001B818CC1B00][000001B817E026C0 49] iPhone12Mini, [000001B818D46100][000001B817DC2800 49] iPhone12, [000001B818CC2D00][000001B817E06940 49] iPhone12Pro, [000001B818D44800][000001B817E0AA80 49] iPhone12ProMax, [000001B818CC0700][000001B817E0EBC0 49] iPadPro105, [000001B818D47A00][000001B817E16D40 49] iPadPro129, [000001B818CC2100][000001B817E1AEC0 49] iPadPro97, [000001B818D46B00][000001B817E1F040 49] iPadPro2_129, [000001B818CC3C00][000001B817E231C0 49] iPad5, [000001B818D47100][000001B817E27340 49] iPad6, [000001B818CC1700][000001B817E2B4C0 49] iPad7, [000001B818D46700][000001B817E2F640 49] iPad8, [000001B818CC3E00][000001B817E337C0 49] iPadPro11, [000001B818D45D00][000001B817E37940 49] iPadPro2_11, [000001B818CC0300][000001B817E3BAC0 49] iPadPro3_129, [000001B818D46800][000001B817E3E0C0 49] iPadPro4_129, [000001B818CC2800][000001B817E42240 49] AppleTV, [000001B818D45600][000001B817E463C0 49] AppleTV4K, [000001B818CC1500][000001B817E4A540 49] TVOS, [000001B818D44F00][000001B817E4E6C0 49] Mac, [000001B818CC2C00][000001B817E52840 49] MacClient, [000001B818D46400][000001B817E569C0 49] MacNoEditor, [000001B818CC0200][000001B817E12B00 49] MacServer, [000001B818D45800][000001B817E5AC40 49] Linux, [000001B818CC1C00][000001B817E5ED80 49] LinuxAArch64, [000001B818D47400][000001B817E66F00 49] LinuxNoEditor, [000001B818CC2600][000001B817E75080 49] LinuxAArch64NoEditor, [000001B818D44A00][000001B817E79200 49] LinuxClient, [000001B818CC1400][000001B817EC7380 49] LinuxAArch64Client, [000001B818D46300][000001B817ECB500 49] LinuxServer, [000001B818CC2500][000001B80B961680 49] LinuxAArch64Server, [000001B818D45900][000001B80B9E9800 49] Android, [000001B818CC3800][000001B80B9F1980 49] Android_Low, [000001B818D44500][000001B80B9F5B00 49] Android_Mid, [000001B818CC1100][000001B80B9F8100 49] Android_High, [000001B818CF3400][000001B80B9FC280 49] Android_Default, [000001B818C86500][000001B80BA20400 49] Android_Adreno4xx, [000001B818CF3900][000001B80BAF6580 49] Android_Adreno5xx_Low, [000001B818C86700][000001B81080A700 49] Android_Adreno5xx, [000001B818CF1000][000001B81081A880 49] Android_Adreno6xx, [000001B818C87D00][000001B8190C8A00 49] Android_Adreno6xx_Vulkan, [000001B818CF1400][000001B8190CCB80 49] Android_Mali_T6xx, [000001B818C86000][000001B817E62CC0 49] Android_Mali_T7xx, [000001B818CF2500][000001B818EE4E00 49] Android_Mali_T8xx, [000001B818C86800][000001B818F0CF40 49] Android_Mali_G71, [000001B818CF1D00][000001B8192970C0 49] Android_Mali_G72, [000001B818C87900][000001B8192BB240 49] Android_Mali_G72_Vulkan, [000001B818CF2F00][000001B8192CD3C0 49] Android_Mali_G76, [000001B818C87800][000001B8192D1540 49] Android_Mali_G76_Vulkan, [000001B818CF0D00][000001B8192D56C0 49] Android_Mali_G77, [000001B818C85400][000001B8192DD840 49] Android_Mali_G77_Vulkan, [000001B818CF2700][000001B80B96D9C0 49] Android_Mali_G78, [000001B818C86D00][000001B80B9B1B40 49] Android_Mali_G78_Vulkan, [000001B818CF1700][000001B80B9B4140 49] Android_Mali_G710, [000001B818C87A00][000001B8196EA2C0 49] Android_Mali_G710_Vulkan, [000001B818CF3500][000001B80B9D8440 49] Android_Vulkan_SM5, [000001B818C84500][000001B80B9DC5C0 49] Android_PowerVR_G6xxx, [000001B818CF1E00][000001B80BAEC740 49] Android_PowerVR_GT7xxx, [000001B818C85C00][000001B818FEE8C0 49] Android_PowerVR_GE8xxx, [000001B818CF1300][000001B8190C4A40 49] Android_PowerVR_GM9xxx, [000001B818C84A00][000001B8191BCBC0 49] Android_PowerVR_GM9xxx_Vulkan, [000001B818CF2A00][000001B8191DCD40 49] Android_TegraK1, [000001B818C85D00][000001B819292E80 49] Android_Unknown_Vulkan, [000001B818CF2C00][000001B819238FC0 49] Lumin, [000001B818C86400][000001B81942F100 49] Lumin_Desktop, [000001B818CF0500][000001B819455240 49] HoloLens, 
[2023.12.08-19.58.19:255][  0]LogMeshReduction: Using QuadricMeshReduction for automatic static mesh reduction
[2023.12.08-19.58.19:255][  0]LogMeshReduction: Using SimplygonMeshReduction for automatic skeletal mesh reduction
[2023.12.08-19.58.19:255][  0]LogMeshReduction: Using ProxyLODMeshReduction for automatic mesh merging
[2023.12.08-19.58.19:255][  0]LogMeshReduction: No distributed automatic mesh merging module available
[2023.12.08-19.58.19:255][  0]LogMeshMerging: No distributed automatic mesh merging module available
[2023.12.08-19.58.19:282][  0]LogNetVersion: Platformer_Project 1.0.0, NetCL: 17155196, EngineNetVer: 17, GameNetVer: 0 (Checksum: 3708400561)
[2023.12.08-19.58.19:895][  0]LogTexture: Default maximum texture size for cubemaps generated from long-lat sources has been changed from 512 to unlimited. In order to preserve old behaiour for '/Engine/MapTemplates/Sky/DaylightAmbientCubemap.DaylightAmbientCubemap', its maximum texture size has been explicitly set to 512.
[2023.12.08-19.58.19:991][  0]LogHMD: PokeAHoleMaterial loaded successfully
[2023.12.08-19.58.19:996][  0]LogUObjectArray: 18271 objects as part of root set at end of initial load.
[2023.12.08-19.58.19:996][  0]LogUObjectAllocator: 4729056 out of 0 bytes used by permanent object pool.
[2023.12.08-19.58.19:996][  0]LogUObjectArray: CloseDisregardForGC: 0/0 objects in disregard for GC pool
[2023.12.08-19.58.20:290][  0]LogNiagaraDebuggerClient: Niagara Debugger Client Initialized | Session: C1BE137C47D16AEC5032D4B1954B8764 | Instance: DF077CA64E0B545105155E9B8142AC07 (A47708-5328).
[2023.12.08-19.58.20:405][  0]LogTcpMessaging: Initializing TcpMessaging bridge
[2023.12.08-19.58.20:409][  0]LogUdpMessaging: Initializing bridge on interface 0.0.0.0:0 to multicast group 230.0.0.1:6666.
[2023.12.08-19.58.20:420][  0]LogPython: Using Python 3.7.7
[2023.12.08-19.58.20:929][  0]SourceControl: Source control is disabled
[2023.12.08-19.58.20:929][  0]SourceControl: Source control is disabled
[2023.12.08-19.58.20:932][  0]SourceControl: Source control is disabled
[2023.12.08-19.58.20:940][  0]SourceControl: Source control is disabled
[2023.12.08-19.58.20:946][  0]SourceControl: Source control is disabled
[2023.12.08-19.58.20:949][  0]LogUProjectInfo: Found projects:
[2023.12.08-19.58.21:223][  0]LogOpenImageDenoise: OIDN starting up
[2023.12.08-19.58.21:242][  0]LogAndroidPermission: UAndroidPermissionCallbackProxy::GetInstance
[2023.12.08-19.58.21:256][  0]LogAudioCaptureCore: Display: No Audio Capture implementations found. Audio input will be silent.
[2023.12.08-19.58.21:256][  0]LogAudioCaptureCore: Display: No Audio Capture implementations found. Audio input will be silent.
[2023.12.08-19.58.21:395][  0]LogCollectionManager: Loaded 0 collections in 0.000946 seconds
[2023.12.08-19.58.21:424][  0]LogFileCache: Scanning file cache for directory 'C:/Users/kd615/Documents/Platformer-Project/Platformer_Project/Saved/Collections/' took 0.00s
[2023.12.08-19.58.21:424][  0]LogFileCache: Scanning file cache for directory 'C:/Users/kd615/Documents/Platformer-Project/Platformer_Project/Content/Developers/kd615/Collections/' took 0.00s
[2023.12.08-19.58.21:424][  0]LogFileCache: Scanning file cache for directory 'C:/Users/kd615/Documents/Platformer-Project/Platformer_Project/Content/Collections/' took 0.00s
[2023.12.08-19.58.21:424][  0]LogOcInput: OculusInput pre-init called
[2023.12.08-19.58.21:942][  0]LogClass: Display: IntProperty FPhysicsConvexData::NumVertices is not initialized properly. Module:MeshModelingTools File:Public/Physics/CollisionPropertySets.h
[2023.12.08-19.58.21:942][  0]LogClass: Display: IntProperty FPhysicsConvexData::NumFaces is not initialized properly. Module:MeshModelingTools File:Public/Physics/CollisionPropertySets.h
[2023.12.08-19.58.21:942][  0]LogClass: Display: FloatProperty FPhysicsCapsuleData::Radius is not initialized properly. Module:MeshModelingTools File:Public/Physics/CollisionPropertySets.h
[2023.12.08-19.58.21:942][  0]LogClass: Display: FloatProperty FPhysicsCapsuleData::Length is not initialized properly. Module:MeshModelingTools File:Public/Physics/CollisionPropertySets.h
[2023.12.08-19.58.21:942][  0]LogClass: Display: StructProperty FPhysicsBoxData::Dimensions is not initialized properly. Module:MeshModelingTools File:Public/Physics/CollisionPropertySets.h
[2023.12.08-19.58.21:942][  0]LogClass: Display: FloatProperty FPhysicsSphereData::Radius is not initialized properly. Module:MeshModelingTools File:Public/Physics/CollisionPropertySets.h
[2023.12.08-19.58.21:942][  0]LogClass: Display: EnumProperty FLODLevelGenerateSettings::TargetMode is not initialized properly. Module:MeshModelingToolsEditorOnly File:Public/GenerateLODMeshesTool.h
[2023.12.08-19.58.21:942][  0]LogClass: Display: IntProperty FLODLevelGenerateSettings::TargetPercentage is not initialized properly. Module:MeshModelingToolsEditorOnly File:Public/GenerateLODMeshesTool.h
[2023.12.08-19.58.21:942][  0]LogClass: Display: IntProperty FLODLevelGenerateSettings::TargetCount is not initialized properly. Module:MeshModelingToolsEditorOnly File:Public/GenerateLODMeshesTool.h
[2023.12.08-19.58.21:942][  0]LogClass: Display: 9 Uninitialized script struct members found including 0 object properties
[2023.12.08-19.58.21:943][  0]LogEngine: Initializing Engine...
[2023.12.08-19.58.21:946][  0]LogHMD: Failed to enumerate extensions. Please check that you have a valid OpenXR runtime installed.
[2023.12.08-19.58.21:946][  0]LogHMD: Failed to initialize OpenVR with code 110
[2023.12.08-19.58.21:946][  0]LogMagicLeap: Warning: VR disabled because ZI is not enabled.  To enable, in the editor, Edit -> Project Settings -> Plugins -> Magic Leap Plugin -> Enable Zero Iteration
[2023.12.08-19.58.21:946][  0]LogStylusInput: Initializing StylusInput subsystem.
[2023.12.08-19.58.21:948][  0]LogStats: UGameplayTagsManager::InitializeManager -  0.000 s
[2023.12.08-19.58.22:077][  0]LogInit: Initializing FReadOnlyCVARCache
[2023.12.08-19.58.22:087][  0]LogAIModule: Creating AISystem for world Untitled
[2023.12.08-19.58.22:088][  0]LogAudio: Display: Initializing Audio Device Manager...
[2023.12.08-19.58.22:093][  0]LogAudio: Display: Loading Default Audio Settings Objects...
[2023.12.08-19.58.22:094][  0]LogAudio: Display: No default SoundConcurrencyObject specified (or failed to load).
[2023.12.08-19.58.22:095][  0]LogAudio: Display: Audio Device Manager Initialized
[2023.12.08-19.58.22:095][  0]LogAudio: Display: Creating Audio Device:                 Id: 1, Scope: Shared, Realtime: True
[2023.12.08-19.58.22:095][  0]LogAudioMixer: Display: Audio Mixer Platform Settings:
[2023.12.08-19.58.22:095][  0]LogAudioMixer: Display: 	Sample Rate:						  48000
[2023.12.08-19.58.22:095][  0]LogAudioMixer: Display: 	Callback Buffer Frame Size Requested: 1024
[2023.12.08-19.58.22:095][  0]LogAudioMixer: Display: 	Callback Buffer Frame Size To Use:	  1024
[2023.12.08-19.58.22:095][  0]LogAudioMixer: Display: 	Number of buffers to queue:			  2
[2023.12.08-19.58.22:095][  0]LogAudioMixer: Display: 	Max Channels (voices):				  32
[2023.12.08-19.58.22:095][  0]LogAudioMixer: Display: 	Number of Async Source Workers:		  0
[2023.12.08-19.58.22:095][  0]LogAudio: Display: AudioDevice MaxSources: 32
[2023.12.08-19.58.22:095][  0]LogAudio: Display: Audio Spatialization Plugin: None (built-in).
[2023.12.08-19.58.22:095][  0]LogAudio: Display: Audio Reverb Plugin: None (built-in).
[2023.12.08-19.58.22:095][  0]LogAudio: Display: Audio Occlusion Plugin: None (built-in).
[2023.12.08-19.58.22:095][  0]LogAudioMixer: Display: Initializing audio mixer.
[2023.12.08-19.58.22:108][  0]LogAudioMixer: Display: 0: FrontLeft
[2023.12.08-19.58.22:108][  0]LogAudioMixer: Display: 1: FrontRight
[2023.12.08-19.58.22:289][  0]LogAudioMixer: Display: Using Audio Device Headphones (Realtek(R) Audio)
[2023.12.08-19.58.22:289][  0]LogAudioMixer: Display: Initializing Sound Submixes...
[2023.12.08-19.58.22:295][  0]LogAudioMixer: Display: Creating Master Submix 'MasterSubmixDefault'
[2023.12.08-19.58.22:295][  0]LogAudioMixer: Display: Creating Master Submix 'MasterReverbSubmixDefault'
[2023.12.08-19.58.22:296][  0]LogAudioMixer: Display: Creating Master Submix 'MasterEQSubmixDefault'
[2023.12.08-19.58.22:296][  0]LogAudioMixer: FMixerPlatformXAudio2::StartAudioStream() called
[2023.12.08-19.58.22:296][  0]LogAudioMixer: Display: Output buffers initialized: Frames=1024, Channels=2, Samples=2048
[2023.12.08-19.58.22:297][  0]LogAudioMixer: Display: Starting AudioMixerPlatformInterface::RunInternal()
[2023.12.08-19.58.22:297][  0]LogAudioMixer: Display: FMixerPlatformXAudio2::SubmitBuffer() called for the first time
[2023.12.08-19.58.22:297][  0]LogInit: FAudioDevice initialized.
[2023.12.08-19.58.22:297][  0]LogAudio: Display: Audio Device (ID: 1) registered with world 'Untitled'.
[2023.12.08-19.58.22:297][  0]LogNetVersion: Set ProjectVersion to 1.0.0.0. Version Checksum will be recalculated on next use.
[2023.12.08-19.58.22:347][  0]LogDerivedDataCache: Saved boot cache 0.05s 113MB C:/Users/kd615/AppData/Local/UnrealEngine/4.27/DerivedDataCache/Boot.ddc.
[2023.12.08-19.58.22:347][  0]LogInit: Texture streaming: Enabled
[2023.12.08-19.58.22:360][  0]LogAnalytics: Display: [UEEditor.Rocket.Release] APIServer = https://datarouter.ol.epicgames.com/. AppVersion = 4.27.2-18319896+++UE4+Release-4.27
[2023.12.08-19.58.22:367][  0]LogEngineSessionManager: EngineSessionManager initialized
[2023.12.08-19.58.22:367][  0]LogEditorSessionSummary: Verbose: Initializing EditorSessionSummaryWriter for editor session tracking
[2023.12.08-19.58.22:375][  0]LogEditorSessionSummary: EditorSessionSummaryWriter initialized
[2023.12.08-19.58.22:416][  0]LogInit: Transaction tracking system initialized
[2023.12.08-19.58.22:439][  0]BlueprintLog: New page: Editor Load
[2023.12.08-19.58.22:506][  0]LocalizationService: Localization service is disabled
[2023.12.08-19.58.22:536][  0]TimingProfiler: Initialize
[2023.12.08-19.58.22:536][  0]TimingProfiler: OnSessionChanged
[2023.12.08-19.58.22:536][  0]LoadingProfiler: Initialize
[2023.12.08-19.58.22:536][  0]LoadingProfiler: OnSessionChanged
[2023.12.08-19.58.22:536][  0]NetworkingProfiler: Initialize
[2023.12.08-19.58.22:536][  0]NetworkingProfiler: OnSessionChanged
[2023.12.08-19.58.22:536][  0]MemoryProfiler: Initialize
[2023.12.08-19.58.22:536][  0]MemoryProfiler: OnSessionChanged
[2023.12.08-19.58.22:725][  0]LogCook: Display: CookSettings for Memory: MemoryMaxUsedVirtual 0MiB, MemoryMaxUsedPhysical 16384MiB, MemoryMinFreeVirtual 0MiB, MemoryMinFreePhysical 1024MiB
[2023.12.08-19.58.22:725][  0]LogCook: Display: Mobile HDR setting 1
[2023.12.08-19.58.23:465][  0]LogInit: Display: Engine is initialized. Leaving FEngineLoop::Init()
[2023.12.08-19.58.23:476][  0]SourceControl: Source control is disabled
[2023.12.08-19.58.23:477][  0]LogUnrealEdMisc: Loading editor; pre map load, took 8.104
[2023.12.08-19.58.23:477][  0]Cmd: MAP LOAD FILE="../../../../../../Users/kd615/Documents/Platformer-Project/Platformer_Project/Content/ThirdPersonBP/Maps/ThirdPersonExampleMap.umap" TEMPLATE=0 SHOWPROGRESS=1 FEATURELEVEL=3
[2023.12.08-19.58.23:477][  0]LightingResults: New page: Lighting Build
[2023.12.08-19.58.23:478][  0]LogWorld: UWorld::CleanupWorld for Untitled, bSessionEnded=true, bCleanupResources=true
[2023.12.08-19.58.23:478][  0]LogSlate: InvalidateAllWidgets triggered.  All widgets were invalidated
[2023.12.08-19.58.23:478][  0]MapCheck: New page: Map Check
[2023.12.08-19.58.23:478][  0]LightingResults: New page: Lighting Build
[2023.12.08-19.58.23:485][  0]LogAudio: Display: Audio Device unregistered from world 'None'.
[2023.12.08-19.58.23:490][  0]LogUObjectHash: Compacting FUObjectHashTables data took   0.48ms
[2023.12.08-19.58.23:928][  0]LogAudio: Display: Audio Device (ID: 1) registered with world 'ThirdPersonExampleMap'.
[2023.12.08-19.58.23:928][  0]LogAIModule: Creating AISystem for world ThirdPersonExampleMap
[2023.12.08-19.58.23:939][  0]LogEditorServer: Finished looking for orphan Actors (0.000 secs)
[2023.12.08-19.58.23:948][  0]LogUObjectHash: Compacting FUObjectHashTables data took   0.61ms
[2023.12.08-19.58.23:948][  0]Cmd: MAP CHECKDEP NOCLEARLOG
[2023.12.08-19.58.23:948][  0]MapCheck: Map check complete: 0 Error(s), 0 Warning(s), took 0.153ms to complete.
[2023.12.08-19.58.23:948][  0]LogFileHelpers: Loading map 'ThirdPersonExampleMap' took 0.471
[2023.12.08-19.58.23:950][  0]LogUnrealEdMisc: Total Editor Startup Time, took 8.577
[2023.12.08-19.58.24:087][  0]LogSlate: Updating window title bar state: overlay mode, drag disabled, window buttons hidden, title bar hidden
[2023.12.08-19.58.24:093][  0]LogSlate: Updating window title bar state: overlay mode, drag disabled, window buttons hidden, title bar hidden
[2023.12.08-19.58.24:097][  0]LogSlate: Updating window title bar state: overlay mode, drag disabled, window buttons hidden, title bar hidden
[2023.12.08-19.58.24:100][  0]LogSlate: Updating window title bar state: overlay mode, drag disabled, window buttons hidden, title bar hidden
[2023.12.08-19.58.24:116][  0]LogNativeClassHierarchy: Verbose: Native class hierarchy populated in 0.0075 seconds. Added 4260 classes and 972 folders.
[2023.12.08-19.58.24:118][  0]LogNativeClassHierarchy: Verbose: Native class hierarchy updated for 'WidgetCarousel' in 0.0001 seconds. Added 0 classes and 0 folders.
[2023.12.08-19.58.24:121][  0]LogPakFile: PakFile PrimaryIndexSize=187
[2023.12.08-19.58.24:121][  0]LogPakFile: PakFile PathHashIndexSize=101
[2023.12.08-19.58.24:121][  0]LogPakFile: PakFile FullDirectoryIndexSize=148
[2023.12.08-19.58.24:121][  0]LogShaderLibrary: Display: ShaderCodeLibraryPakFileMountedCallback: PakFile 'C:/Program Files/Epic Games/UE_4.27/FeaturePacks/FP_FirstPerson.upack' (chunk index -1, root 'root:/') mounted
[2023.12.08-19.58.24:121][  0]LogShaderLibrary: Display: ShaderCodeLibraryPakFileMountedCallback: pending pak file info (ChunkID:-1 Root:root:/ File:C:/Program Files/Epic Games/UE_4.27/FeaturePacks/FP_FirstPerson.upack)
[2023.12.08-19.58.24:121][  0]LogPakFile: OnPakFileMounted2Time == 0.000033
[2023.12.08-19.58.24:124][  0]LogPakFile: PakFile PrimaryIndexSize=189
[2023.12.08-19.58.24:124][  0]LogPakFile: PakFile PathHashIndexSize=101
[2023.12.08-19.58.24:124][  0]LogPakFile: PakFile FullDirectoryIndexSize=152
[2023.12.08-19.58.24:124][  0]LogShaderLibrary: Display: ShaderCodeLibraryPakFileMountedCallback: PakFile 'C:/Program Files/Epic Games/UE_4.27/FeaturePacks/FP_FirstPersonBP.upack' (chunk index -1, root 'root:/') mounted
[2023.12.08-19.58.24:124][  0]LogShaderLibrary: Display: ShaderCodeLibraryPakFileMountedCallback: pending pak file info (ChunkID:-1 Root:root:/ File:C:/Program Files/Epic Games/UE_4.27/FeaturePacks/FP_FirstPersonBP.upack)
[2023.12.08-19.58.24:124][  0]LogPakFile: OnPakFileMounted2Time == 0.000025
[2023.12.08-19.58.24:125][  0]LogPakFile: PakFile PrimaryIndexSize=191
[2023.12.08-19.58.24:125][  0]LogPakFile: PakFile PathHashIndexSize=101
[2023.12.08-19.58.24:125][  0]LogPakFile: PakFile FullDirectoryIndexSize=160
[2023.12.08-19.58.24:125][  0]LogShaderLibrary: Display: ShaderCodeLibraryPakFileMountedCallback: PakFile 'C:/Program Files/Epic Games/UE_4.27/FeaturePacks/MobileStarterContent.upack' (chunk index -1, root 'root:/') mounted
[2023.12.08-19.58.24:125][  0]LogShaderLibrary: Display: ShaderCodeLibraryPakFileMountedCallback: pending pak file info (ChunkID:-1 Root:root:/ File:C:/Program Files/Epic Games/UE_4.27/FeaturePacks/MobileStarterContent.upack)
[2023.12.08-19.58.24:125][  0]LogPakFile: OnPakFileMounted2Time == 0.000020
[2023.12.08-19.58.24:126][  0]LogPakFile: PakFile PrimaryIndexSize=185
[2023.12.08-19.58.24:126][  0]LogPakFile: PakFile PathHashIndexSize=101
[2023.12.08-19.58.24:126][  0]LogPakFile: PakFile FullDirectoryIndexSize=148
[2023.12.08-19.58.24:126][  0]LogShaderLibrary: Display: ShaderCodeLibraryPakFileMountedCallback: PakFile 'C:/Program Files/Epic Games/UE_4.27/FeaturePacks/StarterContent.upack' (chunk index -1, root 'root:/') mounted
[2023.12.08-19.58.24:126][  0]LogShaderLibrary: Display: ShaderCodeLibraryPakFileMountedCallback: pending pak file info (ChunkID:-1 Root:root:/ File:C:/Program Files/Epic Games/UE_4.27/FeaturePacks/StarterContent.upack)
[2023.12.08-19.58.24:126][  0]LogPakFile: OnPakFileMounted2Time == 0.000021
[2023.12.08-19.58.24:127][  0]LogPakFile: PakFile PrimaryIndexSize=190
[2023.12.08-19.58.24:127][  0]LogPakFile: PakFile PathHashIndexSize=101
[2023.12.08-19.58.24:127][  0]LogPakFile: PakFile FullDirectoryIndexSize=154
[2023.12.08-19.58.24:127][  0]LogShaderLibrary: Display: ShaderCodeLibraryPakFileMountedCallback: PakFile 'C:/Program Files/Epic Games/UE_4.27/FeaturePacks/TP_2DSideScroller.upack' (chunk index -1, root 'root:/') mounted
[2023.12.08-19.58.24:127][  0]LogShaderLibrary: Display: ShaderCodeLibraryPakFileMountedCallback: pending pak file info (ChunkID:-1 Root:root:/ File:C:/Program Files/Epic Games/UE_4.27/FeaturePacks/TP_2DSideScroller.upack)
[2023.12.08-19.58.24:127][  0]LogPakFile: OnPakFileMounted2Time == 0.000019
[2023.12.08-19.58.24:128][  0]LogPakFile: PakFile PrimaryIndexSize=192
[2023.12.08-19.58.24:128][  0]LogPakFile: PakFile PathHashIndexSize=101
[2023.12.08-19.58.24:128][  0]LogPakFile: PakFile FullDirectoryIndexSize=158
[2023.12.08-19.58.24:128][  0]LogShaderLibrary: Display: ShaderCodeLibraryPakFileMountedCallback: PakFile 'C:/Program Files/Epic Games/UE_4.27/FeaturePacks/TP_2DSideScrollerBP.upack' (chunk index -1, root 'root:/') mounted
[2023.12.08-19.58.24:128][  0]LogShaderLibrary: Display: ShaderCodeLibraryPakFileMountedCallback: pending pak file info (ChunkID:-1 Root:root:/ File:C:/Program Files/Epic Games/UE_4.27/FeaturePacks/TP_2DSideScrollerBP.upack)
[2023.12.08-19.58.24:128][  0]LogPakFile: OnPakFileMounted2Time == 0.000019
[2023.12.08-19.58.24:129][  0]LogPakFile: PakFile PrimaryIndexSize=182
[2023.12.08-19.58.24:129][  0]LogPakFile: PakFile PathHashIndexSize=101
[2023.12.08-19.58.24:129][  0]LogPakFile: PakFile FullDirectoryIndexSize=138
[2023.12.08-19.58.24:129][  0]LogShaderLibrary: Display: ShaderCodeLibraryPakFileMountedCallback: PakFile 'C:/Program Files/Epic Games/UE_4.27/FeaturePacks/TP_Flying.upack' (chunk index -1, root 'root:/') mounted
[2023.12.08-19.58.24:129][  0]LogShaderLibrary: Display: ShaderCodeLibraryPakFileMountedCallback: pending pak file info (ChunkID:-1 Root:root:/ File:C:/Program Files/Epic Games/UE_4.27/FeaturePacks/TP_Flying.upack)
[2023.12.08-19.58.24:129][  0]LogPakFile: OnPakFileMounted2Time == 0.000020
[2023.12.08-19.58.24:130][  0]LogPakFile: PakFile PrimaryIndexSize=184
[2023.12.08-19.58.24:130][  0]LogPakFile: PakFile PathHashIndexSize=101
[2023.12.08-19.58.24:130][  0]LogPakFile: PakFile FullDirectoryIndexSize=142
[2023.12.08-19.58.24:130][  0]LogShaderLibrary: Display: ShaderCodeLibraryPakFileMountedCallback: PakFile 'C:/Program Files/Epic Games/UE_4.27/FeaturePacks/TP_FlyingBP.upack' (chunk index -1, root 'root:/') mounted
[2023.12.08-19.58.24:130][  0]LogShaderLibrary: Display: ShaderCodeLibraryPakFileMountedCallback: pending pak file info (ChunkID:-1 Root:root:/ File:C:/Program Files/Epic Games/UE_4.27/FeaturePacks/TP_FlyingBP.upack)
[2023.12.08-19.58.24:130][  0]LogPakFile: OnPakFileMounted2Time == 0.000019
[2023.12.08-19.58.24:131][  0]LogPakFile: PakFile PrimaryIndexSize=188
[2023.12.08-19.58.24:131][  0]LogPakFile: PakFile PathHashIndexSize=101
[2023.12.08-19.58.24:131][  0]LogPakFile: PakFile FullDirectoryIndexSize=150
[2023.12.08-19.58.24:131][  0]LogShaderLibrary: Display: ShaderCodeLibraryPakFileMountedCallback: PakFile 'C:/Program Files/Epic Games/UE_4.27/FeaturePacks/TP_HandheldARBP.upack' (chunk index -1, root 'root:/') mounted
[2023.12.08-19.58.24:131][  0]LogShaderLibrary: Display: ShaderCodeLibraryPakFileMountedCallback: pending pak file info (ChunkID:-1 Root:root:/ File:C:/Program Files/Epic Games/UE_4.27/FeaturePacks/TP_HandheldARBP.upack)
[2023.12.08-19.58.24:131][  0]LogPakFile: OnPakFileMounted2Time == 0.000019
[2023.12.08-19.58.24:132][  0]LogPakFile: PakFile PrimaryIndexSize=182
[2023.12.08-19.58.24:132][  0]LogPakFile: PakFile PathHashIndexSize=101
[2023.12.08-19.58.24:132][  0]LogPakFile: PakFile FullDirectoryIndexSize=138
[2023.12.08-19.58.24:132][  0]LogShaderLibrary: Display: ShaderCodeLibraryPakFileMountedCallback: PakFile 'C:/Program Files/Epic Games/UE_4.27/FeaturePacks/TP_Puzzle.upack' (chunk index -1, root 'root:/') mounted
[2023.12.08-19.58.24:132][  0]LogShaderLibrary: Display: ShaderCodeLibraryPakFileMountedCallback: pending pak file info (ChunkID:-1 Root:root:/ File:C:/Program Files/Epic Games/UE_4.27/FeaturePacks/TP_Puzzle.upack)
[2023.12.08-19.58.24:132][  0]LogPakFile: OnPakFileMounted2Time == 0.000019
[2023.12.08-19.58.24:132][  0]LogPakFile: PakFile PrimaryIndexSize=184
[2023.12.08-19.58.24:132][  0]LogPakFile: PakFile PathHashIndexSize=101
[2023.12.08-19.58.24:132][  0]LogPakFile: PakFile FullDirectoryIndexSize=142
[2023.12.08-19.58.24:132][  0]LogShaderLibrary: Display: ShaderCodeLibraryPakFileMountedCallback: PakFile 'C:/Program Files/Epic Games/UE_4.27/FeaturePacks/TP_PuzzleBP.upack' (chunk index -1, root 'root:/') mounted
[2023.12.08-19.58.24:132][  0]LogShaderLibrary: Display: ShaderCodeLibraryPakFileMountedCallback: pending pak file info (ChunkID:-1 Root:root:/ File:C:/Program Files/Epic Games/UE_4.27/FeaturePacks/TP_PuzzleBP.upack)
[2023.12.08-19.58.24:133][  0]LogPakFile: OnPakFileMounted2Time == 0.000019
[2023.12.08-19.58.24:133][  0]LogPakFile: PakFile PrimaryIndexSize=183
[2023.12.08-19.58.24:133][  0]LogPakFile: PakFile PathHashIndexSize=101
[2023.12.08-19.58.24:133][  0]LogPakFile: PakFile FullDirectoryIndexSize=140
[2023.12.08-19.58.24:133][  0]LogShaderLibrary: Display: ShaderCodeLibraryPakFileMountedCallback: PakFile 'C:/Program Files/Epic Games/UE_4.27/FeaturePacks/TP_Rolling.upack' (chunk index -1, root 'root:/') mounted
[2023.12.08-19.58.24:133][  0]LogShaderLibrary: Display: ShaderCodeLibraryPakFileMountedCallback: pending pak file info (ChunkID:-1 Root:root:/ File:C:/Program Files/Epic Games/UE_4.27/FeaturePacks/TP_Rolling.upack)
[2023.12.08-19.58.24:133][  0]LogPakFile: OnPakFileMounted2Time == 0.000019
[2023.12.08-19.58.24:134][  0]LogPakFile: PakFile PrimaryIndexSize=185
[2023.12.08-19.58.24:134][  0]LogPakFile: PakFile PathHashIndexSize=101
[2023.12.08-19.58.24:134][  0]LogPakFile: PakFile FullDirectoryIndexSize=144
[2023.12.08-19.58.24:134][  0]LogShaderLibrary: Display: ShaderCodeLibraryPakFileMountedCallback: PakFile 'C:/Program Files/Epic Games/UE_4.27/FeaturePacks/TP_RollingBP.upack' (chunk index -1, root 'root:/') mounted
[2023.12.08-19.58.24:134][  0]LogShaderLibrary: Display: ShaderCodeLibraryPakFileMountedCallback: pending pak file info (ChunkID:-1 Root:root:/ File:C:/Program Files/Epic Games/UE_4.27/FeaturePacks/TP_RollingBP.upack)
[2023.12.08-19.58.24:134][  0]LogPakFile: OnPakFileMounted2Time == 0.000021
[2023.12.08-19.58.24:135][  0]LogPakFile: PakFile PrimaryIndexSize=188
[2023.12.08-19.58.24:135][  0]LogPakFile: PakFile PathHashIndexSize=101
[2023.12.08-19.58.24:135][  0]LogPakFile: PakFile FullDirectoryIndexSize=150
[2023.12.08-19.58.24:135][  0]LogShaderLibrary: Display: ShaderCodeLibraryPakFileMountedCallback: PakFile 'C:/Program Files/Epic Games/UE_4.27/FeaturePacks/TP_SideScroller.upack' (chunk index -1, root 'root:/') mounted
[2023.12.08-19.58.24:135][  0]LogShaderLibrary: Display: ShaderCodeLibraryPakFileMountedCallback: pending pak file info (ChunkID:-1 Root:root:/ File:C:/Program Files/Epic Games/UE_4.27/FeaturePacks/TP_SideScroller.upack)
[2023.12.08-19.58.24:135][  0]LogPakFile: OnPakFileMounted2Time == 0.000019
[2023.12.08-19.58.24:136][  0]LogPakFile: PakFile PrimaryIndexSize=190
[2023.12.08-19.58.24:136][  0]LogPakFile: PakFile PathHashIndexSize=101
[2023.12.08-19.58.24:136][  0]LogPakFile: PakFile FullDirectoryIndexSize=154
[2023.12.08-19.58.24:136][  0]LogShaderLibrary: Display: ShaderCodeLibraryPakFileMountedCallback: PakFile 'C:/Program Files/Epic Games/UE_4.27/FeaturePacks/TP_SideScrollerBP.upack' (chunk index -1, root 'root:/') mounted
[2023.12.08-19.58.24:136][  0]LogShaderLibrary: Display: ShaderCodeLibraryPakFileMountedCallback: pending pak file info (ChunkID:-1 Root:root:/ File:C:/Program Files/Epic Games/UE_4.27/FeaturePacks/TP_SideScrollerBP.upack)
[2023.12.08-19.58.24:136][  0]LogPakFile: OnPakFileMounted2Time == 0.000019
[2023.12.08-19.58.24:136][  0]LogPakFile: PakFile PrimaryIndexSize=187
[2023.12.08-19.58.24:136][  0]LogPakFile: PakFile PathHashIndexSize=101
[2023.12.08-19.58.24:136][  0]LogPakFile: PakFile FullDirectoryIndexSize=148
[2023.12.08-19.58.24:136][  0]LogShaderLibrary: Display: ShaderCodeLibraryPakFileMountedCallback: PakFile 'C:/Program Files/Epic Games/UE_4.27/FeaturePacks/TP_ThirdPerson.upack' (chunk index -1, root 'root:/') mounted
[2023.12.08-19.58.24:136][  0]LogShaderLibrary: Display: ShaderCodeLibraryPakFileMountedCallback: pending pak file info (ChunkID:-1 Root:root:/ File:C:/Program Files/Epic Games/UE_4.27/FeaturePacks/TP_ThirdPerson.upack)
[2023.12.08-19.58.24:137][  0]LogPakFile: OnPakFileMounted2Time == 0.000024
[2023.12.08-19.58.24:137][  0]LogPakFile: PakFile PrimaryIndexSize=189
[2023.12.08-19.58.24:137][  0]LogPakFile: PakFile PathHashIndexSize=101
[2023.12.08-19.58.24:137][  0]LogPakFile: PakFile FullDirectoryIndexSize=152
[2023.12.08-19.58.24:137][  0]LogShaderLibrary: Display: ShaderCodeLibraryPakFileMountedCallback: PakFile 'C:/Program Files/Epic Games/UE_4.27/FeaturePacks/TP_ThirdPersonBP.upack' (chunk index -1, root 'root:/') mounted
[2023.12.08-19.58.24:137][  0]LogShaderLibrary: Display: ShaderCodeLibraryPakFileMountedCallback: pending pak file info (ChunkID:-1 Root:root:/ File:C:/Program Files/Epic Games/UE_4.27/FeaturePacks/TP_ThirdPersonBP.upack)
[2023.12.08-19.58.24:137][  0]LogPakFile: OnPakFileMounted2Time == 0.000019
[2023.12.08-19.58.24:138][  0]LogPakFile: PakFile PrimaryIndexSize=183
[2023.12.08-19.58.24:138][  0]LogPakFile: PakFile PathHashIndexSize=101
[2023.12.08-19.58.24:138][  0]LogPakFile: PakFile FullDirectoryIndexSize=140
[2023.12.08-19.58.24:138][  0]LogShaderLibrary: Display: ShaderCodeLibraryPakFileMountedCallback: PakFile 'C:/Program Files/Epic Games/UE_4.27/FeaturePacks/TP_TopDown.upack' (chunk index -1, root 'root:/') mounted
[2023.12.08-19.58.24:138][  0]LogShaderLibrary: Display: ShaderCodeLibraryPakFileMountedCallback: pending pak file info (ChunkID:-1 Root:root:/ File:C:/Program Files/Epic Games/UE_4.27/FeaturePacks/TP_TopDown.upack)
[2023.12.08-19.58.24:138][  0]LogPakFile: OnPakFileMounted2Time == 0.000023
[2023.12.08-19.58.24:139][  0]LogPakFile: PakFile PrimaryIndexSize=185
[2023.12.08-19.58.24:140][  0]LogPakFile: PakFile PathHashIndexSize=101
[2023.12.08-19.58.24:140][  0]LogPakFile: PakFile FullDirectoryIndexSize=144
[2023.12.08-19.58.24:140][  0]LogShaderLibrary: Display: ShaderCodeLibraryPakFileMountedCallback: PakFile 'C:/Program Files/Epic Games/UE_4.27/FeaturePacks/TP_TopDownBP.upack' (chunk index -1, root 'root:/') mounted
[2023.12.08-19.58.24:140][  0]LogShaderLibrary: Display: ShaderCodeLibraryPakFileMountedCallback: pending pak file info (ChunkID:-1 Root:root:/ File:C:/Program Files/Epic Games/UE_4.27/FeaturePacks/TP_TopDownBP.upack)
[2023.12.08-19.58.24:140][  0]LogPakFile: OnPakFileMounted2Time == 0.000023
[2023.12.08-19.58.24:140][  0]LogPakFile: PakFile PrimaryIndexSize=185
[2023.12.08-19.58.24:140][  0]LogPakFile: PakFile PathHashIndexSize=101
[2023.12.08-19.58.24:140][  0]LogPakFile: PakFile FullDirectoryIndexSize=144
[2023.12.08-19.58.24:140][  0]LogShaderLibrary: Display: ShaderCodeLibraryPakFileMountedCallback: PakFile 'C:/Program Files/Epic Games/UE_4.27/FeaturePacks/TP_TwinStick.upack' (chunk index -1, root 'root:/') mounted
[2023.12.08-19.58.24:140][  0]LogShaderLibrary: Display: ShaderCodeLibraryPakFileMountedCallback: pending pak file info (ChunkID:-1 Root:root:/ File:C:/Program Files/Epic Games/UE_4.27/FeaturePacks/TP_TwinStick.upack)
[2023.12.08-19.58.24:140][  0]LogPakFile: OnPakFileMounted2Time == 0.000019
[2023.12.08-19.58.24:141][  0]LogPakFile: PakFile PrimaryIndexSize=187
[2023.12.08-19.58.24:141][  0]LogPakFile: PakFile PathHashIndexSize=101
[2023.12.08-19.58.24:141][  0]LogPakFile: PakFile FullDirectoryIndexSize=148
[2023.12.08-19.58.24:141][  0]LogShaderLibrary: Display: ShaderCodeLibraryPakFileMountedCallback: PakFile 'C:/Program Files/Epic Games/UE_4.27/FeaturePacks/TP_TwinStickBP.upack' (chunk index -1, root 'root:/') mounted
[2023.12.08-19.58.24:141][  0]LogShaderLibrary: Display: ShaderCodeLibraryPakFileMountedCallback: pending pak file info (ChunkID:-1 Root:root:/ File:C:/Program Files/Epic Games/UE_4.27/FeaturePacks/TP_TwinStickBP.upack)
[2023.12.08-19.58.24:141][  0]LogPakFile: OnPakFileMounted2Time == 0.000018
[2023.12.08-19.58.24:143][  0]LogPakFile: PakFile PrimaryIndexSize=183
[2023.12.08-19.58.24:144][  0]LogPakFile: PakFile PathHashIndexSize=101
[2023.12.08-19.58.24:144][  0]LogPakFile: PakFile FullDirectoryIndexSize=140
[2023.12.08-19.58.24:144][  0]LogShaderLibrary: Display: ShaderCodeLibraryPakFileMountedCallback: PakFile 'C:/Program Files/Epic Games/UE_4.27/FeaturePacks/TP_Vehicle.upack' (chunk index -1, root 'root:/') mounted
[2023.12.08-19.58.24:144][  0]LogShaderLibrary: Display: ShaderCodeLibraryPakFileMountedCallback: pending pak file info (ChunkID:-1 Root:root:/ File:C:/Program Files/Epic Games/UE_4.27/FeaturePacks/TP_Vehicle.upack)
[2023.12.08-19.58.24:144][  0]LogPakFile: OnPakFileMounted2Time == 0.000019
[2023.12.08-19.58.24:145][  0]LogPakFile: PakFile PrimaryIndexSize=186
[2023.12.08-19.58.24:145][  0]LogPakFile: PakFile PathHashIndexSize=101
[2023.12.08-19.58.24:145][  0]LogPakFile: PakFile FullDirectoryIndexSize=146
[2023.12.08-19.58.24:145][  0]LogShaderLibrary: Display: ShaderCodeLibraryPakFileMountedCallback: PakFile 'C:/Program Files/Epic Games/UE_4.27/FeaturePacks/TP_VehicleAdv.upack' (chunk index -1, root 'root:/') mounted
[2023.12.08-19.58.24:145][  0]LogShaderLibrary: Display: ShaderCodeLibraryPakFileMountedCallback: pending pak file info (ChunkID:-1 Root:root:/ File:C:/Program Files/Epic Games/UE_4.27/FeaturePacks/TP_VehicleAdv.upack)
[2023.12.08-19.58.24:145][  0]LogPakFile: OnPakFileMounted2Time == 0.000020
[2023.12.08-19.58.24:146][  0]LogPakFile: PakFile PrimaryIndexSize=188
[2023.12.08-19.58.24:146][  0]LogPakFile: PakFile PathHashIndexSize=101
[2023.12.08-19.58.24:146][  0]LogPakFile: PakFile FullDirectoryIndexSize=150
[2023.12.08-19.58.24:146][  0]LogShaderLibrary: Display: ShaderCodeLibraryPakFileMountedCallback: PakFile 'C:/Program Files/Epic Games/UE_4.27/FeaturePacks/TP_VehicleAdvBP.upack' (chunk index -1, root 'root:/') mounted
[2023.12.08-19.58.24:146][  0]LogShaderLibrary: Display: ShaderCodeLibraryPakFileMountedCallback: pending pak file info (ChunkID:-1 Root:root:/ File:C:/Program Files/Epic Games/UE_4.27/FeaturePacks/TP_VehicleAdvBP.upack)
[2023.12.08-19.58.24:146][  0]LogPakFile: OnPakFileMounted2Time == 0.000019
[2023.12.08-19.58.24:147][  0]LogPakFile: PakFile PrimaryIndexSize=185
[2023.12.08-19.58.24:147][  0]LogPakFile: PakFile PathHashIndexSize=101
[2023.12.08-19.58.24:147][  0]LogPakFile: PakFile FullDirectoryIndexSize=144
[2023.12.08-19.58.24:147][  0]LogShaderLibrary: Display: ShaderCodeLibraryPakFileMountedCallback: PakFile 'C:/Program Files/Epic Games/UE_4.27/FeaturePacks/TP_VehicleBP.upack' (chunk index -1, root 'root:/') mounted
[2023.12.08-19.58.24:147][  0]LogShaderLibrary: Display: ShaderCodeLibraryPakFileMountedCallback: pending pak file info (ChunkID:-1 Root:root:/ File:C:/Program Files/Epic Games/UE_4.27/FeaturePacks/TP_VehicleBP.upack)
[2023.12.08-19.58.24:147][  0]LogPakFile: OnPakFileMounted2Time == 0.000022
[2023.12.08-19.58.24:148][  0]LogPakFile: PakFile PrimaryIndexSize=192
[2023.12.08-19.58.24:148][  0]LogPakFile: PakFile PathHashIndexSize=101
[2023.12.08-19.58.24:148][  0]LogPakFile: PakFile FullDirectoryIndexSize=158
[2023.12.08-19.58.24:148][  0]LogShaderLibrary: Display: ShaderCodeLibraryPakFileMountedCallback: PakFile 'C:/Program Files/Epic Games/UE_4.27/FeaturePacks/TP_VirtualRealityBP.upack' (chunk index -1, root 'root:/') mounted
[2023.12.08-19.58.24:148][  0]LogShaderLibrary: Display: ShaderCodeLibraryPakFileMountedCallback: pending pak file info (ChunkID:-1 Root:root:/ File:C:/Program Files/Epic Games/UE_4.27/FeaturePacks/TP_VirtualRealityBP.upack)
[2023.12.08-19.58.24:148][  0]LogPakFile: OnPakFileMounted2Time == 0.000020
[2023.12.08-19.58.24:203][  0]LogNativeClassHierarchy: Verbose: Native class hierarchy updated for 'AddContentDialog' in 0.0002 seconds. Added 0 classes and 0 folders.
[2023.12.08-19.58.24:204][  0]LogNativeClassHierarchy: Verbose: Native class hierarchy updated for 'SceneOutliner' in 0.0001 seconds. Added 2 classes and 0 folders.
[2023.12.08-19.58.24:248][  0]LogNativeClassHierarchy: Verbose: Native class hierarchy updated for 'HierarchicalLODOutliner' in 0.0002 seconds. Added 0 classes and 0 folders.
[2023.12.08-19.58.24:248][  0]LogInput: Warning: Action Jump uses invalid key OculusGo_Left_Trigger_Click.
[2023.12.08-19.58.24:248][  0]LogInput: Warning: Use -RemoveInvalidKeys to remove instances of these keys from the action mapping.
[2023.12.08-19.58.24:248][  0]LogLoad: (Engine Initialization) Total time: 8.88 seconds
[2023.12.08-19.58.24:248][  0]LogLoad: (Engine Initialization) Total Blueprint compile time: 0.00 seconds
[2023.12.08-19.58.24:282][  0]LogAssetRegistry: Asset discovery search completed in 5.2888 seconds
[2023.12.08-19.58.24:292][  0]LogCollectionManager: Fixed up redirectors for 0 collections in 0.000003 seconds (updated 0 objects)
[2023.12.08-19.58.24:292][  0]LogContentStreaming: Texture pool size now 1000 MB
[2023.12.08-19.58.24:297][  0]LogSlate: Took 0.000327 seconds to synchronously load lazily loaded font '../../../Engine/Content/Slate/Fonts/Roboto-Regular.ttf' (155K)
[2023.12.08-19.58.24:298][  0]LogSlate: Took 0.000324 seconds to synchronously load lazily loaded font '../../../Engine/Content/Editor/Slate/Fonts/FontAwesome.ttf' (139K)
[2023.12.08-19.58.24:299][  0]LogSlate: Took 0.000313 seconds to synchronously load lazily loaded font '../../../Engine/Content/Slate/Fonts/Roboto-Bold.ttf' (160K)
[2023.12.08-19.58.24:427][  3]LogRenderer: Reallocating scene render targets to support 128x128 Format 10 NumSamples 1 (Frame:0).
[2023.12.08-19.58.25:266][ 69]LogSlate: Took 0.000477 seconds to synchronously load lazily loaded font '../../../Engine/Content/Slate/Fonts/Roboto-Light.ttf' (167K)
[2023.12.08-19.58.32:769][616]LogRenderer: Reallocating scene render targets to support 2172x808 Format 10 NumSamples 1 (Frame:1).
[2023.12.08-19.58.33:083][620]PIE: Warning: Constraint in '/Engine/Transient.World_5:PersistentLevel.BP_MoveableObject_C_0.PhysicsConstraint' attempting to create a joint between objects that are both static.  No joint created.
[2023.12.08-19.58.38:802][280]LogUObjectHash: Compacting FUObjectHashTables data took   0.42ms
[2023.12.08-19.58.38:945][280]LogAssetEditorSubsystem: Opening Asset editor for World /Game/Maps/World_1/World_1.World_1
[2023.12.08-19.58.38:945][280]Cmd: MAP LOAD FILE="../../../../../../Users/kd615/Documents/Platformer-Project/Platformer_Project/Content/Maps/World_1/World_1.umap" TEMPLATE=0 SHOWPROGRESS=1 FEATURELEVEL=3
[2023.12.08-19.58.38:945][280]LightingResults: New page: Lighting Build
[2023.12.08-19.58.38:945][280]LoadErrors: New page: Loading map: World_1.umap
[2023.12.08-19.58.38:947][280]LogWorld: UWorld::CleanupWorld for ThirdPersonExampleMap, bSessionEnded=true, bCleanupResources=true
[2023.12.08-19.58.38:947][280]LogSlate: InvalidateAllWidgets triggered.  All widgets were invalidated
[2023.12.08-19.58.38:947][280]MapCheck: New page: Map Check
[2023.12.08-19.58.38:947][280]LightingResults: New page: Lighting Build
[2023.12.08-19.58.38:951][280]LogAudio: Display: Audio Device unregistered from world 'None'.
[2023.12.08-19.58.38:954][280]LogUObjectHash: Compacting FUObjectHashTables data took   0.62ms
[2023.12.08-19.58.38:954][280]LogAudio: Display: Audio Device (ID: 1) registered with world 'World_1'.
[2023.12.08-19.58.38:962][280]LogEditorServer: Finished looking for orphan Actors (0.000 secs)
[2023.12.08-19.58.38:962][280]LogAIModule: Creating AISystem for world World_1
[2023.12.08-19.58.38:968][280]LogUObjectHash: Compacting FUObjectHashTables data took   0.51ms
[2023.12.08-19.58.38:973][280]Cmd: MAP CHECKDEP NOCLEARLOG
[2023.12.08-19.58.38:973][280]MapCheck: Map check complete: 0 Error(s), 0 Warning(s), took 0.121ms to complete.
[2023.12.08-19.58.38:973][280]LogFileHelpers: Loading map 'World_1' took 0.029
[2023.12.08-19.58.43:231][771]LogUObjectHash: Compacting FUObjectHashTables data took   0.32ms
